==========================================
Job ID: 1800072
Job Name: hunyuan-G46
Node: gh093
Start Time: Sun 11 Jan 2026 12:32:09 AM CST
Working Directory: /u/yli8/hokin/video-reason-experiments
==========================================

Loaded modules:

GPU Information:
Sun Jan 11 00:32:11 2026       
+-----------------------------------------------------------------------------------------+
| NVIDIA-SMI 550.163.01             Driver Version: 550.163.01     CUDA Version: 12.6     |
|-----------------------------------------+------------------------+----------------------+
| GPU  Name                 Persistence-M | Bus-Id          Disp.A | Volatile Uncorr. ECC |
| Fan  Temp   Perf          Pwr:Usage/Cap |           Memory-Usage | GPU-Util  Compute M. |
|                                         |                        |               MIG M. |
|=========================================+========================+======================|
|   0  NVIDIA GH200 120GB             On  |   00000019:01:00.0 Off |                    0 |
| N/A   19C    P0             97W /  900W |     108MiB /  97871MiB |      0%      Default |
|                                         |                        |             Disabled |
+-----------------------------------------+------------------------+----------------------+
                                                                                         
+-----------------------------------------------------------------------------------------+
| Processes:                                                                              |
|  GPU   GI   CI        PID   Type   Process name                              GPU Memory |
|        ID   ID                                                               Usage      |
|=========================================================================================|
|  No running processes found                                                             |
+-----------------------------------------------------------------------------------------+

Starting inference...
Model: hunyuan-video-i2v
Task: G-46_find_keys_and_open_doors_data-generator
Questions dir: ./data/questions/G-46_find_keys_and_open_doors_data-generator


==========================================
Job completed with exit code: 1
End Time: Sun 11 Jan 2026 12:32:11 AM CST
==========================================
