==========================================
Job ID: 1803178
Job Name: hunyuan-G24
Node: gh120
Start Time: Sun 11 Jan 2026 08:07:23 PM CST
Working Directory: /u/yli8/hokin/video-reason-experiments
==========================================

Loaded modules:

GPU Information:
Sun Jan 11 20:09:15 2026       
+-----------------------------------------------------------------------------------------+
| NVIDIA-SMI 550.163.01             Driver Version: 550.163.01     CUDA Version: 12.6     |
|-----------------------------------------+------------------------+----------------------+
| GPU  Name                 Persistence-M | Bus-Id          Disp.A | Volatile Uncorr. ECC |
| Fan  Temp   Perf          Pwr:Usage/Cap |           Memory-Usage | GPU-Util  Compute M. |
|                                         |                        |               MIG M. |
|=========================================+========================+======================|
|   0  NVIDIA GH200 120GB             On  |   00000029:01:00.0 Off |                    0 |
| N/A   20C    P0             82W /  900W |     104MiB /  97871MiB |      0%      Default |
|                                         |                        |             Disabled |
+-----------------------------------------+------------------------+----------------------+
                                                                                         
+-----------------------------------------------------------------------------------------+
| Processes:                                                                              |
|  GPU   GI   CI        PID   Type   Process name                              GPU Memory |
|        ID   ID                                                               Usage      |
|=========================================================================================|
|  No running processes found                                                             |
+-----------------------------------------------------------------------------------------+

Starting inference...
Model: hunyuan-video-i2v
Task: G-24_separate_objects_no_spin_data-generator
Questions dir: ./data/questions/G-24_separate_objects_no_spin_data-generator

🎯 VMEvalKit Inference Runner
Model: hunyuan-video-i2v
GPU: 0
Questions dir: /u/yli8/hokin/video-reason-experiments/data/questions/G-24_separate_objects_no_spin_data-generator
Output dir: /u/yli8/hokin/video-reason-experiments/data/outputs

🚀 Running: python /u/yli8/hokin/video-reason-experiments/VMEvalKit/examples/generate_videos.py --model hunyuan-video-i2v --questions-dir /u/yli8/hokin/video-reason-experiments/data/questions/G-24_separate_objects_no_spin_data-generator --output-dir /u/yli8/hokin/video-reason-experiments/data/outputs --gpu 0
Working directory: /u/yli8/hokin/video-reason-experiments/VMEvalKit
================================================================================
🐍 Activating venv: /u/yli8/hokin/video-reason-experiments/VMEvalKit/envs/hunyuan-video-i2v
🎮 Using GPU 0 (CUDA_VISIBLE_DEVICES=0)
🔍 Discovering human-approved tasks from folder structure...
🔍 Discovering tasks from: /u/yli8/hokin/video-reason-experiments/data/questions/G-24_separate_objects_no_spin_data-generator
   📁 Scanning separate_objects_no_spin_task/
