==========================================
Job ID: 1802697
Job Name: hunyuan-G1
Node: gh018
Start Time: Sun 11 Jan 2026 06:51:29 PM CST
Working Directory: /u/yli8/hokin/video-reason-experiments/jobs
==========================================

Loaded modules:

GPU Information:
Sun Jan 11 18:51:31 2026       
+-----------------------------------------------------------------------------------------+
| NVIDIA-SMI 550.163.01             Driver Version: 550.163.01     CUDA Version: 12.6     |
|-----------------------------------------+------------------------+----------------------+
| GPU  Name                 Persistence-M | Bus-Id          Disp.A | Volatile Uncorr. ECC |
| Fan  Temp   Perf          Pwr:Usage/Cap |           Memory-Usage | GPU-Util  Compute M. |
|                                         |                        |               MIG M. |
|=========================================+========================+======================|
|   0  NVIDIA GH200 120GB             On  |   00000039:01:00.0 Off |                    0 |
| N/A   20C    P0             90W /  900W |     149MiB /  97871MiB |      0%      Default |
|                                         |                        |             Disabled |
+-----------------------------------------+------------------------+----------------------+
                                                                                         
+-----------------------------------------------------------------------------------------+
| Processes:                                                                              |
|  GPU   GI   CI        PID   Type   Process name                              GPU Memory |
|        ID   ID                                                               Usage      |
|=========================================================================================|
|  No running processes found                                                             |
+-----------------------------------------------------------------------------------------+

Starting inference...
Model: hunyuan-video-i2v
Task: G-1_object_trajectory_data-generator
Questions dir: ./data/questions/G-1_object_trajectory_data-generator

🎯 VMEvalKit Inference Runner
Model: hunyuan-video-i2v
GPU: 0
Questions dir: /u/yli8/hokin/video-reason-experiments/data/questions/G-1_object_trajectory_data-generator
Output dir: /u/yli8/hokin/video-reason-experiments/data/outputs

🚀 Running: python /u/yli8/hokin/video-reason-experiments/VMEvalKit/examples/generate_videos.py --model hunyuan-video-i2v --questions-dir /u/yli8/hokin/video-reason-experiments/data/questions/G-1_object_trajectory_data-generator --output-dir /u/yli8/hokin/video-reason-experiments/data/outputs --gpu 0
Working directory: /u/yli8/hokin/video-reason-experiments/VMEvalKit
================================================================================
🐍 Activating venv: /u/yli8/hokin/video-reason-experiments/VMEvalKit/envs/hunyuan-video-i2v
🎮 Using GPU 0 (CUDA_VISIBLE_DEVICES=0)
🔍 Discovering human-approved tasks from folder structure...
🔍 Discovering tasks from: /u/yli8/hokin/video-reason-experiments/data/questions/G-1_object_trajectory_data-generator
   📁 Scanning object_trajectory_task/
      ✅ Found 50 tasks in object_trajectory

📊 Discovery Summary: 50 total tasks
   object_trajectory: 50 tasks
   🎯 Running all discovered tasks

🎯 Selected 1 model(s): hunyuan-video-i2v

🔍 Verifying 1 model(s) for testing...
   ✅ hunyuan-video-i2v: HunyuanVideo
🚀 VMEVAL KIT EXPERIMENT - CLEAN EXECUTION

📊 Experiment Configuration:
   Models to run: 1 - hunyuan-video-i2v
   Domains: 1
   🔄 Execution Mode: SEQUENTIAL

📈 Task Distribution:
   Object_Trajectory: 50 approved tasks
   Total approved tasks: 50
   Total generations: 50

📁 Output directory: /u/yli8/hokin/video-reason-experiments/data/outputs
   Skip existing: True

📁 Output directory structure ready at: /u/yli8/hokin/video-reason-experiments/data/outputs
   Each inference will create a self-contained folder with:
   - video/: Generated video file
   - question/: Input images and prompt
   - metadata.json: Complete inference metadata
📁 Created per-model folders under: /u/yli8/hokin/video-reason-experiments/data/outputs and mirrored question tasks
📋 Total inference jobs to run: 50
🚀 Starting sequential execution...

   Processing order: Model by model, task by task

🤖 Processing Model: HunyuanVideo (hunyuan-video-i2v)

  📚 Domain: Object_Trajectory
    [1/50] Processing: object_trajectory_0000

  🎬 Generating: object_trajectory_0000 with hunyuan-video-i2v
     Image: /u/yli8/hokin/video-reason-experiments/data/questions/G-1_object_trajectory_data-generator/object_trajectory_task/object_trajectory_0000/first_frame.png
     Prompt: The scene contains a circle object and a dashed target position (indicated by a ...
Using model-specific Python: /u/yli8/hokin/video-reason-experiments/VMEvalKit/envs/hunyuan-video-i2v/bin/python
📦 Loaded model: hunyuan-video-i2v (will be reused for all tasks)
Warning: HunyuanVideo requires 60-80GB GPU memory for 720p generation

✅ Inference complete! Output saved to: /u/yli8/hokin/video-reason-experiments/data/outputs/hunyuan-video-i2v/object_trajectory_task/object_trajectory_0000
   - Generated: /u/yli8/hokin/video-reason-experiments/data/outputs/hunyuan-video-i2v/object_trajectory_task/object_trajectory_0000/video/video.mp4
   - Question: /u/yli8/hokin/video-reason-experiments/data/outputs/hunyuan-video-i2v/object_trajectory_task/object_trajectory_0000/question/
     ❌ Failed: Traceback (most recent call last):
  File "/u/yli8/hokin/video-reason-experiments/VMEvalKit/submodules/HunyuanVideo-I2V/sample_image2video.py", line 8, in <module>
    from hyvideo.config import parse_args
  File "/u/yli8/hokin/video-reason-experiments/VMEvalKit/submodules/HunyuanVideo-I2V/hyvideo/config.py", line 4, in <module>
    from .modules.models import HUNYUAN_VIDEO_CONFIG
  File "/u/yli8/hokin/video-reason-experiments/VMEvalKit/submodules/HunyuanVideo-I2V/hyvideo/modules/__init__.py", line 1, in <module>
    from .models import HYVideoDiffusionTransformer, HUNYUAN_VIDEO_CONFIG
  File "/u/yli8/hokin/video-reason-experiments/VMEvalKit/submodules/HunyuanVideo-I2V/hyvideo/modules/models.py", line 15, in <module>
    from .embed_layers import TimestepEmbedder, PatchEmbed, TextProjection
  File "/u/yli8/hokin/video-reason-experiments/VMEvalKit/submodules/HunyuanVideo-I2V/hyvideo/modules/embed_layers.py", line 6, in <module>
    from ..utils.helpers import to_2tuple
  File "/u/yli8/hokin/video-reason-experiments/VMEvalKit/submodules/HunyuanVideo-I2V/hyvideo/utils/helpers.py", line 11, in <module>
    import deepspeed
  File "/u/yli8/hokin/video-reason-experiments/VMEvalKit/envs/hunyuan-video-i2v/lib/python3.12/site-packages/deepspeed/__init__.py", line 9, in <module>
    from .runtime.engine import DeepSpeedEngine
  File "/u/yli8/hokin/video-reason-experiments/VMEvalKit/envs/hunyuan-video-i2v/lib/python3.12/site-packages/deepspeed/runtime/engine.py", line 14, in <module>
    from deepspeed.runtime.zero.stage2 import FP16_DeepSpeedZeroOptimizer
  File "/u/yli8/hokin/video-reason-experiments/VMEvalKit/envs/hunyuan-video-i2v/lib/python3.12/site-packages/deepspeed/runtime/zero/stage2.py", line 10, in <module>
    from torch._six import inf
ModuleNotFoundError: No module named 'torch._six'

      ❌ Failed: Traceback (most recent call last):
  File "/u/yli8/hokin/video-reason-experiments/VMEvalKit/submodules/HunyuanVideo-I2V/sample_image2video.py", line 8, in <module>
    from hyvideo.config import parse_args
  File "/u/yli8/hokin/video-reason-experiments/VMEvalKit/submodules/HunyuanVideo-I2V/hyvideo/config.py", line 4, in <module>
    from .modules.models import HUNYUAN_VIDEO_CONFIG
  File "/u/yli8/hokin/video-reason-experiments/VMEvalKit/submodules/HunyuanVideo-I2V/hyvideo/modules/__init__.py", line 1, in <module>
    from .models import HYVideoDiffusionTransformer, HUNYUAN_VIDEO_CONFIG
  File "/u/yli8/hokin/video-reason-experiments/VMEvalKit/submodules/HunyuanVideo-I2V/hyvideo/modules/models.py", line 15, in <module>
    from .embed_layers import TimestepEmbedder, PatchEmbed, TextProjection
  File "/u/yli8/hokin/video-reason-experiments/VMEvalKit/submodules/HunyuanVideo-I2V/hyvideo/modules/embed_layers.py", line 6, in <module>
    from ..utils.helpers import to_2tuple
  File "/u/yli8/hokin/video-reason-experiments/VMEvalKit/submodules/HunyuanVideo-I2V/hyvideo/utils/helpers.py", line 11, in <module>
    import deepspeed
  File "/u/yli8/hokin/video-reason-experiments/VMEvalKit/envs/hunyuan-video-i2v/lib/python3.12/site-packages/deepspeed/__init__.py", line 9, in <module>
    from .runtime.engine import DeepSpeedEngine
  File "/u/yli8/hokin/video-reason-experiments/VMEvalKit/envs/hunyuan-video-i2v/lib/python3.12/site-packages/deepspeed/runtime/engine.py", line 14, in <module>
    from deepspeed.runtime.zero.stage2 import FP16_DeepSpeedZeroOptimizer
  File "/u/yli8/hokin/video-reason-experiments/VMEvalKit/envs/hunyuan-video-i2v/lib/python3.12/site-packages/deepspeed/runtime/zero/stage2.py", line 10, in <module>
    from torch._six import inf
ModuleNotFoundError: No module named 'torch._six'

    [2/50] Processing: object_trajectory_0001

  🎬 Generating: object_trajectory_0001 with hunyuan-video-i2v
     Image: /u/yli8/hokin/video-reason-experiments/data/questions/G-1_object_trajectory_data-generator/object_trajectory_task/object_trajectory_0001/first_frame.png
     Prompt: The scene contains a square object and a dashed target position (indicated by a ...
Warning: HunyuanVideo requires 60-80GB GPU memory for 720p generation

✅ Inference complete! Output saved to: /u/yli8/hokin/video-reason-experiments/data/outputs/hunyuan-video-i2v/object_trajectory_task/object_trajectory_0001
   - Generated: /u/yli8/hokin/video-reason-experiments/data/outputs/hunyuan-video-i2v/object_trajectory_task/object_trajectory_0001/video/video.mp4
   - Question: /u/yli8/hokin/video-reason-experiments/data/outputs/hunyuan-video-i2v/object_trajectory_task/object_trajectory_0001/question/
     ❌ Failed: Traceback (most recent call last):
  File "/u/yli8/hokin/video-reason-experiments/VMEvalKit/submodules/HunyuanVideo-I2V/sample_image2video.py", line 8, in <module>
    from hyvideo.config import parse_args
  File "/u/yli8/hokin/video-reason-experiments/VMEvalKit/submodules/HunyuanVideo-I2V/hyvideo/config.py", line 4, in <module>
    from .modules.models import HUNYUAN_VIDEO_CONFIG
  File "/u/yli8/hokin/video-reason-experiments/VMEvalKit/submodules/HunyuanVideo-I2V/hyvideo/modules/__init__.py", line 1, in <module>
    from .models import HYVideoDiffusionTransformer, HUNYUAN_VIDEO_CONFIG
  File "/u/yli8/hokin/video-reason-experiments/VMEvalKit/submodules/HunyuanVideo-I2V/hyvideo/modules/models.py", line 15, in <module>
    from .embed_layers import TimestepEmbedder, PatchEmbed, TextProjection
  File "/u/yli8/hokin/video-reason-experiments/VMEvalKit/submodules/HunyuanVideo-I2V/hyvideo/modules/embed_layers.py", line 6, in <module>
    from ..utils.helpers import to_2tuple
  File "/u/yli8/hokin/video-reason-experiments/VMEvalKit/submodules/HunyuanVideo-I2V/hyvideo/utils/helpers.py", line 11, in <module>
    import deepspeed
  File "/u/yli8/hokin/video-reason-experiments/VMEvalKit/envs/hunyuan-video-i2v/lib/python3.12/site-packages/deepspeed/__init__.py", line 9, in <module>
    from .runtime.engine import DeepSpeedEngine
  File "/u/yli8/hokin/video-reason-experiments/VMEvalKit/envs/hunyuan-video-i2v/lib/python3.12/site-packages/deepspeed/runtime/engine.py", line 12, in <module>
    from tensorboardX import SummaryWriter
  File "/u/yli8/hokin/video-reason-experiments/VMEvalKit/envs/hunyuan-video-i2v/lib/python3.12/site-packages/tensorboardX/__init__.py", line 5, in <module>
    from .torchvis import TorchVis
  File "/u/yli8/hokin/video-reason-experiments/VMEvalKit/envs/hunyuan-video-i2v/lib/python3.12/site-packages/tensorboardX/torchvis.py", line 11, in <module>
    from .writer import SummaryWriter
  File "/u/yli8/hokin/video-reason-experiments/VMEvalKit/envs/hunyuan-video-i2v/lib/python3.12/site-packages/tensorboardX/writer.py", line 15, in <module>
    from .event_file_writer import EventFileWriter
  File "/u/yli8/hokin/video-reason-experiments/VMEvalKit/envs/hunyuan-video-i2v/lib/python3.12/site-packages/tensorboardX/event_file_writer.py", line 28, in <module>
    from .proto import event_pb2
  File "/u/yli8/hokin/video-reason-experiments/VMEvalKit/envs/hunyuan-video-i2v/lib/python3.12/site-packages/tensorboardX/proto/event_pb2.py", line 15, in <module>
    from tensorboardX.proto import summary_pb2 as tensorboardX_dot_proto_dot_summary__pb2
  File "/u/yli8/hokin/video-reason-experiments/VMEvalKit/envs/hunyuan-video-i2v/lib/python3.12/site-packages/tensorboardX/proto/summary_pb2.py", line 15, in <module>
    from tensorboardX.proto import tensor_pb2 as tensorboardX_dot_proto_dot_tensor__pb2
  File "/u/yli8/hokin/video-reason-experiments/VMEvalKit/envs/hunyuan-video-i2v/lib/python3.12/site-packages/tensorboardX/proto/tensor_pb2.py", line 15, in <module>
    from tensorboardX.proto import resource_handle_pb2 as tensorboardX_dot_proto_dot_resource__handle__pb2
  File "/u/yli8/hokin/video-reason-experiments/VMEvalKit/envs/hunyuan-video-i2v/lib/python3.12/site-packages/tensorboardX/proto/resource_handle_pb2.py", line 35, in <module>
    _descriptor.FieldDescriptor(
  File "/u/yli8/hokin/video-reason-experiments/VMEvalKit/envs/hunyuan-video-i2v/lib/python3.12/site-packages/google/protobuf/descriptor.py", line 675, in __new__
    _message.Message._CheckCalledFromGeneratedFile()
TypeError: Descriptors cannot be created directly.
If this call came from a _pb2.py file, your generated code is out of date and must be regenerated with protoc >= 3.19.0.
If you cannot immediately regenerate your protos, some other possible workarounds are:
 1. Downgrade the protobuf package to 3.20.x or lower.
 2. Set PROTOCOL_BUFFERS_PYTHON_IMPLEMENTATION=python (but this will use pure-Python parsing and will be much slower).

More information: https://developers.google.com/protocol-buffers/docs/news/2022-05-06#python-updates

      ❌ Failed: Traceback (most recent call last):
  File "/u/yli8/hokin/video-reason-experiments/VMEvalKit/submodules/HunyuanVideo-I2V/sample_image2video.py", line 8, in <module>
    from hyvideo.config import parse_args
  File "/u/yli8/hokin/video-reason-experiments/VMEvalKit/submodules/HunyuanVideo-I2V/hyvideo/config.py", line 4, in <module>
    from .modules.models import HUNYUAN_VIDEO_CONFIG
  File "/u/yli8/hokin/video-reason-experiments/VMEvalKit/submodules/HunyuanVideo-I2V/hyvideo/modules/__init__.py", line 1, in <module>
    from .models import HYVideoDiffusionTransformer, HUNYUAN_VIDEO_CONFIG
  File "/u/yli8/hokin/video-reason-experiments/VMEvalKit/submodules/HunyuanVideo-I2V/hyvideo/modules/models.py", line 15, in <module>
    from .embed_layers import TimestepEmbedder, PatchEmbed, TextProjection
  File "/u/yli8/hokin/video-reason-experiments/VMEvalKit/submodules/HunyuanVideo-I2V/hyvideo/modules/embed_layers.py", line 6, in <module>
    from ..utils.helpers import to_2tuple
  File "/u/yli8/hokin/video-reason-experiments/VMEvalKit/submodules/HunyuanVideo-I2V/hyvideo/utils/helpers.py", line 11, in <module>
    import deepspeed
  File "/u/yli8/hokin/video-reason-experiments/VMEvalKit/envs/hunyuan-video-i2v/lib/python3.12/site-packages/deepspeed/__init__.py", line 9, in <module>
    from .runtime.engine import DeepSpeedEngine
  File "/u/yli8/hokin/video-reason-experiments/VMEvalKit/envs/hunyuan-video-i2v/lib/python3.12/site-packages/deepspeed/runtime/engine.py", line 12, in <module>
    from tensorboardX import SummaryWriter
  File "/u/yli8/hokin/video-reason-experiments/VMEvalKit/envs/hunyuan-video-i2v/lib/python3.12/site-packages/tensorboardX/__init__.py", line 5, in <module>
    from .torchvis import TorchVis
  File "/u/yli8/hokin/video-reason-experiments/VMEvalKit/envs/hunyuan-video-i2v/lib/python3.12/site-packages/tensorboardX/torchvis.py", line 11, in <module>
    from .writer import SummaryWriter
  File "/u/yli8/hokin/video-reason-experiments/VMEvalKit/envs/hunyuan-video-i2v/lib/python3.12/site-packages/tensorboardX/writer.py", line 15, in <module>
    from .event_file_writer import EventFileWriter
  File "/u/yli8/hokin/video-reason-experiments/VMEvalKit/envs/hunyuan-video-i2v/lib/python3.12/site-packages/tensorboardX/event_file_writer.py", line 28, in <module>
    from .proto import event_pb2
  File "/u/yli8/hokin/video-reason-experiments/VMEvalKit/envs/hunyuan-video-i2v/lib/python3.12/site-packages/tensorboardX/proto/event_pb2.py", line 15, in <module>
    from tensorboardX.proto import summary_pb2 as tensorboardX_dot_proto_dot_summary__pb2
  File "/u/yli8/hokin/video-reason-experiments/VMEvalKit/envs/hunyuan-video-i2v/lib/python3.12/site-packages/tensorboardX/proto/summary_pb2.py", line 15, in <module>
    from tensorboardX.proto import tensor_pb2 as tensorboardX_dot_proto_dot_tensor__pb2
  File "/u/yli8/hokin/video-reason-experiments/VMEvalKit/envs/hunyuan-video-i2v/lib/python3.12/site-packages/tensorboardX/proto/tensor_pb2.py", line 15, in <module>
    from tensorboardX.proto import resource_handle_pb2 as tensorboardX_dot_proto_dot_resource__handle__pb2
  File "/u/yli8/hokin/video-reason-experiments/VMEvalKit/envs/hunyuan-video-i2v/lib/python3.12/site-packages/tensorboardX/proto/resource_handle_pb2.py", line 35, in <module>
    _descriptor.FieldDescriptor(
  File "/u/yli8/hokin/video-reason-experiments/VMEvalKit/envs/hunyuan-video-i2v/lib/python3.12/site-packages/google/protobuf/descriptor.py", line 675, in __new__
    _message.Message._CheckCalledFromGeneratedFile()
TypeError: Descriptors cannot be created directly.
If this call came from a _pb2.py file, your generated code is out of date and must be regenerated with protoc >= 3.19.0.
If you cannot immediately regenerate your protos, some other possible workarounds are:
 1. Downgrade the protobuf package to 3.20.x or lower.
 2. Set PROTOCOL_BUFFERS_PYTHON_IMPLEMENTATION=python (but this will use pure-Python parsing and will be much slower).

More information: https://developers.google.com/protocol-buffers/docs/news/2022-05-06#python-updates

    [3/50] Processing: object_trajectory_0002

  🎬 Generating: object_trajectory_0002 with hunyuan-video-i2v
     Image: /u/yli8/hokin/video-reason-experiments/data/questions/G-1_object_trajectory_data-generator/object_trajectory_task/object_trajectory_0002/first_frame.png
     Prompt: The scene contains a circle object and a dashed target position (indicated by a ...
Warning: HunyuanVideo requires 60-80GB GPU memory for 720p generation

✅ Inference complete! Output saved to: /u/yli8/hokin/video-reason-experiments/data/outputs/hunyuan-video-i2v/object_trajectory_task/object_trajectory_0002
   - Generated: /u/yli8/hokin/video-reason-experiments/data/outputs/hunyuan-video-i2v/object_trajectory_task/object_trajectory_0002/video/video.mp4
   - Question: /u/yli8/hokin/video-reason-experiments/data/outputs/hunyuan-video-i2v/object_trajectory_task/object_trajectory_0002/question/
     ❌ Failed: Traceback (most recent call last):
  File "/u/yli8/hokin/video-reason-experiments/VMEvalKit/submodules/HunyuanVideo-I2V/sample_image2video.py", line 8, in <module>
    from hyvideo.config import parse_args
  File "/u/yli8/hokin/video-reason-experiments/VMEvalKit/submodules/HunyuanVideo-I2V/hyvideo/config.py", line 4, in <module>
    from .modules.models import HUNYUAN_VIDEO_CONFIG
  File "/u/yli8/hokin/video-reason-experiments/VMEvalKit/submodules/HunyuanVideo-I2V/hyvideo/modules/__init__.py", line 1, in <module>
    from .models import HYVideoDiffusionTransformer, HUNYUAN_VIDEO_CONFIG
  File "/u/yli8/hokin/video-reason-experiments/VMEvalKit/submodules/HunyuanVideo-I2V/hyvideo/modules/models.py", line 15, in <module>
    from .embed_layers import TimestepEmbedder, PatchEmbed, TextProjection
  File "/u/yli8/hokin/video-reason-experiments/VMEvalKit/submodules/HunyuanVideo-I2V/hyvideo/modules/embed_layers.py", line 6, in <module>
    from ..utils.helpers import to_2tuple
  File "/u/yli8/hokin/video-reason-experiments/VMEvalKit/submodules/HunyuanVideo-I2V/hyvideo/utils/helpers.py", line 11, in <module>
    import deepspeed
  File "/u/yli8/hokin/video-reason-experiments/VMEvalKit/envs/hunyuan-video-i2v/lib/python3.12/site-packages/deepspeed/__init__.py", line 9, in <module>
    from .runtime.engine import DeepSpeedEngine
  File "/u/yli8/hokin/video-reason-experiments/VMEvalKit/envs/hunyuan-video-i2v/lib/python3.12/site-packages/deepspeed/runtime/engine.py", line 12, in <module>
    from tensorboardX import SummaryWriter
  File "/u/yli8/hokin/video-reason-experiments/VMEvalKit/envs/hunyuan-video-i2v/lib/python3.12/site-packages/tensorboardX/__init__.py", line 5, in <module>
    from .torchvis import TorchVis
  File "/u/yli8/hokin/video-reason-experiments/VMEvalKit/envs/hunyuan-video-i2v/lib/python3.12/site-packages/tensorboardX/torchvis.py", line 11, in <module>
    from .writer import SummaryWriter
  File "/u/yli8/hokin/video-reason-experiments/VMEvalKit/envs/hunyuan-video-i2v/lib/python3.12/site-packages/tensorboardX/writer.py", line 15, in <module>
    from .event_file_writer import EventFileWriter
  File "/u/yli8/hokin/video-reason-experiments/VMEvalKit/envs/hunyuan-video-i2v/lib/python3.12/site-packages/tensorboardX/event_file_writer.py", line 28, in <module>
    from .proto import event_pb2
  File "/u/yli8/hokin/video-reason-experiments/VMEvalKit/envs/hunyuan-video-i2v/lib/python3.12/site-packages/tensorboardX/proto/event_pb2.py", line 15, in <module>
    from tensorboardX.proto import summary_pb2 as tensorboardX_dot_proto_dot_summary__pb2
  File "/u/yli8/hokin/video-reason-experiments/VMEvalKit/envs/hunyuan-video-i2v/lib/python3.12/site-packages/tensorboardX/proto/summary_pb2.py", line 15, in <module>
    from tensorboardX.proto import tensor_pb2 as tensorboardX_dot_proto_dot_tensor__pb2
  File "/u/yli8/hokin/video-reason-experiments/VMEvalKit/envs/hunyuan-video-i2v/lib/python3.12/site-packages/tensorboardX/proto/tensor_pb2.py", line 15, in <module>
    from tensorboardX.proto import resource_handle_pb2 as tensorboardX_dot_proto_dot_resource__handle__pb2
  File "/u/yli8/hokin/video-reason-experiments/VMEvalKit/envs/hunyuan-video-i2v/lib/python3.12/site-packages/tensorboardX/proto/resource_handle_pb2.py", line 35, in <module>
    _descriptor.FieldDescriptor(
  File "/u/yli8/hokin/video-reason-experiments/VMEvalKit/envs/hunyuan-video-i2v/lib/python3.12/site-packages/google/protobuf/descriptor.py", line 675, in __new__
    _message.Message._CheckCalledFromGeneratedFile()
TypeError: Descriptors cannot be created directly.
If this call came from a _pb2.py file, your generated code is out of date and must be regenerated with protoc >= 3.19.0.
If you cannot immediately regenerate your protos, some other possible workarounds are:
 1. Downgrade the protobuf package to 3.20.x or lower.
 2. Set PROTOCOL_BUFFERS_PYTHON_IMPLEMENTATION=python (but this will use pure-Python parsing and will be much slower).

More information: https://developers.google.com/protocol-buffers/docs/news/2022-05-06#python-updates

      ❌ Failed: Traceback (most recent call last):
  File "/u/yli8/hokin/video-reason-experiments/VMEvalKit/submodules/HunyuanVideo-I2V/sample_image2video.py", line 8, in <module>
    from hyvideo.config import parse_args
  File "/u/yli8/hokin/video-reason-experiments/VMEvalKit/submodules/HunyuanVideo-I2V/hyvideo/config.py", line 4, in <module>
    from .modules.models import HUNYUAN_VIDEO_CONFIG
  File "/u/yli8/hokin/video-reason-experiments/VMEvalKit/submodules/HunyuanVideo-I2V/hyvideo/modules/__init__.py", line 1, in <module>
    from .models import HYVideoDiffusionTransformer, HUNYUAN_VIDEO_CONFIG
  File "/u/yli8/hokin/video-reason-experiments/VMEvalKit/submodules/HunyuanVideo-I2V/hyvideo/modules/models.py", line 15, in <module>
    from .embed_layers import TimestepEmbedder, PatchEmbed, TextProjection
  File "/u/yli8/hokin/video-reason-experiments/VMEvalKit/submodules/HunyuanVideo-I2V/hyvideo/modules/embed_layers.py", line 6, in <module>
    from ..utils.helpers import to_2tuple
  File "/u/yli8/hokin/video-reason-experiments/VMEvalKit/submodules/HunyuanVideo-I2V/hyvideo/utils/helpers.py", line 11, in <module>
    import deepspeed
  File "/u/yli8/hokin/video-reason-experiments/VMEvalKit/envs/hunyuan-video-i2v/lib/python3.12/site-packages/deepspeed/__init__.py", line 9, in <module>
    from .runtime.engine import DeepSpeedEngine
  File "/u/yli8/hokin/video-reason-experiments/VMEvalKit/envs/hunyuan-video-i2v/lib/python3.12/site-packages/deepspeed/runtime/engine.py", line 12, in <module>
    from tensorboardX import SummaryWriter
  File "/u/yli8/hokin/video-reason-experiments/VMEvalKit/envs/hunyuan-video-i2v/lib/python3.12/site-packages/tensorboardX/__init__.py", line 5, in <module>
    from .torchvis import TorchVis
  File "/u/yli8/hokin/video-reason-experiments/VMEvalKit/envs/hunyuan-video-i2v/lib/python3.12/site-packages/tensorboardX/torchvis.py", line 11, in <module>
    from .writer import SummaryWriter
  File "/u/yli8/hokin/video-reason-experiments/VMEvalKit/envs/hunyuan-video-i2v/lib/python3.12/site-packages/tensorboardX/writer.py", line 15, in <module>
    from .event_file_writer import EventFileWriter
  File "/u/yli8/hokin/video-reason-experiments/VMEvalKit/envs/hunyuan-video-i2v/lib/python3.12/site-packages/tensorboardX/event_file_writer.py", line 28, in <module>
    from .proto import event_pb2
  File "/u/yli8/hokin/video-reason-experiments/VMEvalKit/envs/hunyuan-video-i2v/lib/python3.12/site-packages/tensorboardX/proto/event_pb2.py", line 15, in <module>
    from tensorboardX.proto import summary_pb2 as tensorboardX_dot_proto_dot_summary__pb2
  File "/u/yli8/hokin/video-reason-experiments/VMEvalKit/envs/hunyuan-video-i2v/lib/python3.12/site-packages/tensorboardX/proto/summary_pb2.py", line 15, in <module>
    from tensorboardX.proto import tensor_pb2 as tensorboardX_dot_proto_dot_tensor__pb2
  File "/u/yli8/hokin/video-reason-experiments/VMEvalKit/envs/hunyuan-video-i2v/lib/python3.12/site-packages/tensorboardX/proto/tensor_pb2.py", line 15, in <module>
    from tensorboardX.proto import resource_handle_pb2 as tensorboardX_dot_proto_dot_resource__handle__pb2
  File "/u/yli8/hokin/video-reason-experiments/VMEvalKit/envs/hunyuan-video-i2v/lib/python3.12/site-packages/tensorboardX/proto/resource_handle_pb2.py", line 35, in <module>
    _descriptor.FieldDescriptor(
  File "/u/yli8/hokin/video-reason-experiments/VMEvalKit/envs/hunyuan-video-i2v/lib/python3.12/site-packages/google/protobuf/descriptor.py", line 675, in __new__
    _message.Message._CheckCalledFromGeneratedFile()
TypeError: Descriptors cannot be created directly.
If this call came from a _pb2.py file, your generated code is out of date and must be regenerated with protoc >= 3.19.0.
If you cannot immediately regenerate your protos, some other possible workarounds are:
 1. Downgrade the protobuf package to 3.20.x or lower.
 2. Set PROTOCOL_BUFFERS_PYTHON_IMPLEMENTATION=python (but this will use pure-Python parsing and will be much slower).

More information: https://developers.google.com/protocol-buffers/docs/news/2022-05-06#python-updates

    [4/50] Processing: object_trajectory_0003

  🎬 Generating: object_trajectory_0003 with hunyuan-video-i2v
     Image: /u/yli8/hokin/video-reason-experiments/data/questions/G-1_object_trajectory_data-generator/object_trajectory_task/object_trajectory_0003/first_frame.png
     Prompt: The scene contains a triangle object and a dashed target position (indicated by ...
Warning: HunyuanVideo requires 60-80GB GPU memory for 720p generation

✅ Inference complete! Output saved to: /u/yli8/hokin/video-reason-experiments/data/outputs/hunyuan-video-i2v/object_trajectory_task/object_trajectory_0003
   - Generated: /u/yli8/hokin/video-reason-experiments/data/outputs/hunyuan-video-i2v/object_trajectory_task/object_trajectory_0003/video/video.mp4
   - Question: /u/yli8/hokin/video-reason-experiments/data/outputs/hunyuan-video-i2v/object_trajectory_task/object_trajectory_0003/question/
     ❌ Failed: Traceback (most recent call last):
  File "/u/yli8/hokin/video-reason-experiments/VMEvalKit/submodules/HunyuanVideo-I2V/sample_image2video.py", line 8, in <module>
    from hyvideo.config import parse_args
  File "/u/yli8/hokin/video-reason-experiments/VMEvalKit/submodules/HunyuanVideo-I2V/hyvideo/config.py", line 4, in <module>
    from .modules.models import HUNYUAN_VIDEO_CONFIG
  File "/u/yli8/hokin/video-reason-experiments/VMEvalKit/submodules/HunyuanVideo-I2V/hyvideo/modules/__init__.py", line 1, in <module>
    from .models import HYVideoDiffusionTransformer, HUNYUAN_VIDEO_CONFIG
  File "/u/yli8/hokin/video-reason-experiments/VMEvalKit/submodules/HunyuanVideo-I2V/hyvideo/modules/models.py", line 15, in <module>
    from .embed_layers import TimestepEmbedder, PatchEmbed, TextProjection
  File "/u/yli8/hokin/video-reason-experiments/VMEvalKit/submodules/HunyuanVideo-I2V/hyvideo/modules/embed_layers.py", line 6, in <module>
    from ..utils.helpers import to_2tuple
  File "/u/yli8/hokin/video-reason-experiments/VMEvalKit/submodules/HunyuanVideo-I2V/hyvideo/utils/helpers.py", line 11, in <module>
    import deepspeed
  File "/u/yli8/hokin/video-reason-experiments/VMEvalKit/envs/hunyuan-video-i2v/lib/python3.12/site-packages/deepspeed/__init__.py", line 9, in <module>
    from .runtime.engine import DeepSpeedEngine
  File "/u/yli8/hokin/video-reason-experiments/VMEvalKit/envs/hunyuan-video-i2v/lib/python3.12/site-packages/deepspeed/runtime/engine.py", line 12, in <module>
    from tensorboardX import SummaryWriter
  File "/u/yli8/hokin/video-reason-experiments/VMEvalKit/envs/hunyuan-video-i2v/lib/python3.12/site-packages/tensorboardX/__init__.py", line 5, in <module>
    from .torchvis import TorchVis
  File "/u/yli8/hokin/video-reason-experiments/VMEvalKit/envs/hunyuan-video-i2v/lib/python3.12/site-packages/tensorboardX/torchvis.py", line 11, in <module>
    from .writer import SummaryWriter
  File "/u/yli8/hokin/video-reason-experiments/VMEvalKit/envs/hunyuan-video-i2v/lib/python3.12/site-packages/tensorboardX/writer.py", line 15, in <module>
    from .event_file_writer import EventFileWriter
  File "/u/yli8/hokin/video-reason-experiments/VMEvalKit/envs/hunyuan-video-i2v/lib/python3.12/site-packages/tensorboardX/event_file_writer.py", line 28, in <module>
    from .proto import event_pb2
  File "/u/yli8/hokin/video-reason-experiments/VMEvalKit/envs/hunyuan-video-i2v/lib/python3.12/site-packages/tensorboardX/proto/event_pb2.py", line 15, in <module>
    from tensorboardX.proto import summary_pb2 as tensorboardX_dot_proto_dot_summary__pb2
  File "/u/yli8/hokin/video-reason-experiments/VMEvalKit/envs/hunyuan-video-i2v/lib/python3.12/site-packages/tensorboardX/proto/summary_pb2.py", line 15, in <module>
    from tensorboardX.proto import tensor_pb2 as tensorboardX_dot_proto_dot_tensor__pb2
  File "/u/yli8/hokin/video-reason-experiments/VMEvalKit/envs/hunyuan-video-i2v/lib/python3.12/site-packages/tensorboardX/proto/tensor_pb2.py", line 15, in <module>
    from tensorboardX.proto import resource_handle_pb2 as tensorboardX_dot_proto_dot_resource__handle__pb2
  File "/u/yli8/hokin/video-reason-experiments/VMEvalKit/envs/hunyuan-video-i2v/lib/python3.12/site-packages/tensorboardX/proto/resource_handle_pb2.py", line 35, in <module>
    _descriptor.FieldDescriptor(
  File "/u/yli8/hokin/video-reason-experiments/VMEvalKit/envs/hunyuan-video-i2v/lib/python3.12/site-packages/google/protobuf/descriptor.py", line 675, in __new__
    _message.Message._CheckCalledFromGeneratedFile()
TypeError: Descriptors cannot be created directly.
If this call came from a _pb2.py file, your generated code is out of date and must be regenerated with protoc >= 3.19.0.
If you cannot immediately regenerate your protos, some other possible workarounds are:
 1. Downgrade the protobuf package to 3.20.x or lower.
 2. Set PROTOCOL_BUFFERS_PYTHON_IMPLEMENTATION=python (but this will use pure-Python parsing and will be much slower).

More information: https://developers.google.com/protocol-buffers/docs/news/2022-05-06#python-updates

      ❌ Failed: Traceback (most recent call last):
  File "/u/yli8/hokin/video-reason-experiments/VMEvalKit/submodules/HunyuanVideo-I2V/sample_image2video.py", line 8, in <module>
    from hyvideo.config import parse_args
  File "/u/yli8/hokin/video-reason-experiments/VMEvalKit/submodules/HunyuanVideo-I2V/hyvideo/config.py", line 4, in <module>
    from .modules.models import HUNYUAN_VIDEO_CONFIG
  File "/u/yli8/hokin/video-reason-experiments/VMEvalKit/submodules/HunyuanVideo-I2V/hyvideo/modules/__init__.py", line 1, in <module>
    from .models import HYVideoDiffusionTransformer, HUNYUAN_VIDEO_CONFIG
  File "/u/yli8/hokin/video-reason-experiments/VMEvalKit/submodules/HunyuanVideo-I2V/hyvideo/modules/models.py", line 15, in <module>
    from .embed_layers import TimestepEmbedder, PatchEmbed, TextProjection
  File "/u/yli8/hokin/video-reason-experiments/VMEvalKit/submodules/HunyuanVideo-I2V/hyvideo/modules/embed_layers.py", line 6, in <module>
    from ..utils.helpers import to_2tuple
  File "/u/yli8/hokin/video-reason-experiments/VMEvalKit/submodules/HunyuanVideo-I2V/hyvideo/utils/helpers.py", line 11, in <module>
    import deepspeed
  File "/u/yli8/hokin/video-reason-experiments/VMEvalKit/envs/hunyuan-video-i2v/lib/python3.12/site-packages/deepspeed/__init__.py", line 9, in <module>
    from .runtime.engine import DeepSpeedEngine
  File "/u/yli8/hokin/video-reason-experiments/VMEvalKit/envs/hunyuan-video-i2v/lib/python3.12/site-packages/deepspeed/runtime/engine.py", line 12, in <module>
    from tensorboardX import SummaryWriter
  File "/u/yli8/hokin/video-reason-experiments/VMEvalKit/envs/hunyuan-video-i2v/lib/python3.12/site-packages/tensorboardX/__init__.py", line 5, in <module>
    from .torchvis import TorchVis
  File "/u/yli8/hokin/video-reason-experiments/VMEvalKit/envs/hunyuan-video-i2v/lib/python3.12/site-packages/tensorboardX/torchvis.py", line 11, in <module>
    from .writer import SummaryWriter
  File "/u/yli8/hokin/video-reason-experiments/VMEvalKit/envs/hunyuan-video-i2v/lib/python3.12/site-packages/tensorboardX/writer.py", line 15, in <module>
    from .event_file_writer import EventFileWriter
  File "/u/yli8/hokin/video-reason-experiments/VMEvalKit/envs/hunyuan-video-i2v/lib/python3.12/site-packages/tensorboardX/event_file_writer.py", line 28, in <module>
    from .proto import event_pb2
  File "/u/yli8/hokin/video-reason-experiments/VMEvalKit/envs/hunyuan-video-i2v/lib/python3.12/site-packages/tensorboardX/proto/event_pb2.py", line 15, in <module>
    from tensorboardX.proto import summary_pb2 as tensorboardX_dot_proto_dot_summary__pb2
  File "/u/yli8/hokin/video-reason-experiments/VMEvalKit/envs/hunyuan-video-i2v/lib/python3.12/site-packages/tensorboardX/proto/summary_pb2.py", line 15, in <module>
    from tensorboardX.proto import tensor_pb2 as tensorboardX_dot_proto_dot_tensor__pb2
  File "/u/yli8/hokin/video-reason-experiments/VMEvalKit/envs/hunyuan-video-i2v/lib/python3.12/site-packages/tensorboardX/proto/tensor_pb2.py", line 15, in <module>
    from tensorboardX.proto import resource_handle_pb2 as tensorboardX_dot_proto_dot_resource__handle__pb2
  File "/u/yli8/hokin/video-reason-experiments/VMEvalKit/envs/hunyuan-video-i2v/lib/python3.12/site-packages/tensorboardX/proto/resource_handle_pb2.py", line 35, in <module>
    _descriptor.FieldDescriptor(
  File "/u/yli8/hokin/video-reason-experiments/VMEvalKit/envs/hunyuan-video-i2v/lib/python3.12/site-packages/google/protobuf/descriptor.py", line 675, in __new__
    _message.Message._CheckCalledFromGeneratedFile()
TypeError: Descriptors cannot be created directly.
If this call came from a _pb2.py file, your generated code is out of date and must be regenerated with protoc >= 3.19.0.
If you cannot immediately regenerate your protos, some other possible workarounds are:
 1. Downgrade the protobuf package to 3.20.x or lower.
 2. Set PROTOCOL_BUFFERS_PYTHON_IMPLEMENTATION=python (but this will use pure-Python parsing and will be much slower).

More information: https://developers.google.com/protocol-buffers/docs/news/2022-05-06#python-updates

    [5/50] Processing: object_trajectory_0004

  🎬 Generating: object_trajectory_0004 with hunyuan-video-i2v
     Image: /u/yli8/hokin/video-reason-experiments/data/questions/G-1_object_trajectory_data-generator/object_trajectory_task/object_trajectory_0004/first_frame.png
     Prompt: The scene contains a square object and a dashed target position (indicated by a ...
Warning: HunyuanVideo requires 60-80GB GPU memory for 720p generation

✅ Inference complete! Output saved to: /u/yli8/hokin/video-reason-experiments/data/outputs/hunyuan-video-i2v/object_trajectory_task/object_trajectory_0004
   - Generated: /u/yli8/hokin/video-reason-experiments/data/outputs/hunyuan-video-i2v/object_trajectory_task/object_trajectory_0004/video/video.mp4
   - Question: /u/yli8/hokin/video-reason-experiments/data/outputs/hunyuan-video-i2v/object_trajectory_task/object_trajectory_0004/question/
     ❌ Failed: Traceback (most recent call last):
  File "/u/yli8/hokin/video-reason-experiments/VMEvalKit/submodules/HunyuanVideo-I2V/sample_image2video.py", line 8, in <module>
    from hyvideo.config import parse_args
  File "/u/yli8/hokin/video-reason-experiments/VMEvalKit/submodules/HunyuanVideo-I2V/hyvideo/config.py", line 4, in <module>
    from .modules.models import HUNYUAN_VIDEO_CONFIG
  File "/u/yli8/hokin/video-reason-experiments/VMEvalKit/submodules/HunyuanVideo-I2V/hyvideo/modules/__init__.py", line 1, in <module>
    from .models import HYVideoDiffusionTransformer, HUNYUAN_VIDEO_CONFIG
  File "/u/yli8/hokin/video-reason-experiments/VMEvalKit/submodules/HunyuanVideo-I2V/hyvideo/modules/models.py", line 15, in <module>
    from .embed_layers import TimestepEmbedder, PatchEmbed, TextProjection
  File "/u/yli8/hokin/video-reason-experiments/VMEvalKit/submodules/HunyuanVideo-I2V/hyvideo/modules/embed_layers.py", line 6, in <module>
    from ..utils.helpers import to_2tuple
  File "/u/yli8/hokin/video-reason-experiments/VMEvalKit/submodules/HunyuanVideo-I2V/hyvideo/utils/helpers.py", line 11, in <module>
    import deepspeed
  File "/u/yli8/hokin/video-reason-experiments/VMEvalKit/envs/hunyuan-video-i2v/lib/python3.12/site-packages/deepspeed/__init__.py", line 9, in <module>
    from .runtime.engine import DeepSpeedEngine
  File "/u/yli8/hokin/video-reason-experiments/VMEvalKit/envs/hunyuan-video-i2v/lib/python3.12/site-packages/deepspeed/runtime/engine.py", line 12, in <module>
    from tensorboardX import SummaryWriter
  File "/u/yli8/hokin/video-reason-experiments/VMEvalKit/envs/hunyuan-video-i2v/lib/python3.12/site-packages/tensorboardX/__init__.py", line 5, in <module>
    from .torchvis import TorchVis
  File "/u/yli8/hokin/video-reason-experiments/VMEvalKit/envs/hunyuan-video-i2v/lib/python3.12/site-packages/tensorboardX/torchvis.py", line 11, in <module>
    from .writer import SummaryWriter
  File "/u/yli8/hokin/video-reason-experiments/VMEvalKit/envs/hunyuan-video-i2v/lib/python3.12/site-packages/tensorboardX/writer.py", line 15, in <module>
    from .event_file_writer import EventFileWriter
  File "/u/yli8/hokin/video-reason-experiments/VMEvalKit/envs/hunyuan-video-i2v/lib/python3.12/site-packages/tensorboardX/event_file_writer.py", line 28, in <module>
    from .proto import event_pb2
  File "/u/yli8/hokin/video-reason-experiments/VMEvalKit/envs/hunyuan-video-i2v/lib/python3.12/site-packages/tensorboardX/proto/event_pb2.py", line 15, in <module>
    from tensorboardX.proto import summary_pb2 as tensorboardX_dot_proto_dot_summary__pb2
  File "/u/yli8/hokin/video-reason-experiments/VMEvalKit/envs/hunyuan-video-i2v/lib/python3.12/site-packages/tensorboardX/proto/summary_pb2.py", line 15, in <module>
    from tensorboardX.proto import tensor_pb2 as tensorboardX_dot_proto_dot_tensor__pb2
  File "/u/yli8/hokin/video-reason-experiments/VMEvalKit/envs/hunyuan-video-i2v/lib/python3.12/site-packages/tensorboardX/proto/tensor_pb2.py", line 15, in <module>
    from tensorboardX.proto import resource_handle_pb2 as tensorboardX_dot_proto_dot_resource__handle__pb2
  File "/u/yli8/hokin/video-reason-experiments/VMEvalKit/envs/hunyuan-video-i2v/lib/python3.12/site-packages/tensorboardX/proto/resource_handle_pb2.py", line 35, in <module>
    _descriptor.FieldDescriptor(
  File "/u/yli8/hokin/video-reason-experiments/VMEvalKit/envs/hunyuan-video-i2v/lib/python3.12/site-packages/google/protobuf/descriptor.py", line 675, in __new__
    _message.Message._CheckCalledFromGeneratedFile()
TypeError: Descriptors cannot be created directly.
If this call came from a _pb2.py file, your generated code is out of date and must be regenerated with protoc >= 3.19.0.
If you cannot immediately regenerate your protos, some other possible workarounds are:
 1. Downgrade the protobuf package to 3.20.x or lower.
 2. Set PROTOCOL_BUFFERS_PYTHON_IMPLEMENTATION=python (but this will use pure-Python parsing and will be much slower).

More information: https://developers.google.com/protocol-buffers/docs/news/2022-05-06#python-updates

      ❌ Failed: Traceback (most recent call last):
  File "/u/yli8/hokin/video-reason-experiments/VMEvalKit/submodules/HunyuanVideo-I2V/sample_image2video.py", line 8, in <module>
    from hyvideo.config import parse_args
  File "/u/yli8/hokin/video-reason-experiments/VMEvalKit/submodules/HunyuanVideo-I2V/hyvideo/config.py", line 4, in <module>
    from .modules.models import HUNYUAN_VIDEO_CONFIG
  File "/u/yli8/hokin/video-reason-experiments/VMEvalKit/submodules/HunyuanVideo-I2V/hyvideo/modules/__init__.py", line 1, in <module>
    from .models import HYVideoDiffusionTransformer, HUNYUAN_VIDEO_CONFIG
  File "/u/yli8/hokin/video-reason-experiments/VMEvalKit/submodules/HunyuanVideo-I2V/hyvideo/modules/models.py", line 15, in <module>
    from .embed_layers import TimestepEmbedder, PatchEmbed, TextProjection
  File "/u/yli8/hokin/video-reason-experiments/VMEvalKit/submodules/HunyuanVideo-I2V/hyvideo/modules/embed_layers.py", line 6, in <module>
    from ..utils.helpers import to_2tuple
  File "/u/yli8/hokin/video-reason-experiments/VMEvalKit/submodules/HunyuanVideo-I2V/hyvideo/utils/helpers.py", line 11, in <module>
    import deepspeed
  File "/u/yli8/hokin/video-reason-experiments/VMEvalKit/envs/hunyuan-video-i2v/lib/python3.12/site-packages/deepspeed/__init__.py", line 9, in <module>
    from .runtime.engine import DeepSpeedEngine
  File "/u/yli8/hokin/video-reason-experiments/VMEvalKit/envs/hunyuan-video-i2v/lib/python3.12/site-packages/deepspeed/runtime/engine.py", line 12, in <module>
    from tensorboardX import SummaryWriter
  File "/u/yli8/hokin/video-reason-experiments/VMEvalKit/envs/hunyuan-video-i2v/lib/python3.12/site-packages/tensorboardX/__init__.py", line 5, in <module>
    from .torchvis import TorchVis
  File "/u/yli8/hokin/video-reason-experiments/VMEvalKit/envs/hunyuan-video-i2v/lib/python3.12/site-packages/tensorboardX/torchvis.py", line 11, in <module>
    from .writer import SummaryWriter
  File "/u/yli8/hokin/video-reason-experiments/VMEvalKit/envs/hunyuan-video-i2v/lib/python3.12/site-packages/tensorboardX/writer.py", line 15, in <module>
    from .event_file_writer import EventFileWriter
  File "/u/yli8/hokin/video-reason-experiments/VMEvalKit/envs/hunyuan-video-i2v/lib/python3.12/site-packages/tensorboardX/event_file_writer.py", line 28, in <module>
    from .proto import event_pb2
  File "/u/yli8/hokin/video-reason-experiments/VMEvalKit/envs/hunyuan-video-i2v/lib/python3.12/site-packages/tensorboardX/proto/event_pb2.py", line 15, in <module>
    from tensorboardX.proto import summary_pb2 as tensorboardX_dot_proto_dot_summary__pb2
  File "/u/yli8/hokin/video-reason-experiments/VMEvalKit/envs/hunyuan-video-i2v/lib/python3.12/site-packages/tensorboardX/proto/summary_pb2.py", line 15, in <module>
    from tensorboardX.proto import tensor_pb2 as tensorboardX_dot_proto_dot_tensor__pb2
  File "/u/yli8/hokin/video-reason-experiments/VMEvalKit/envs/hunyuan-video-i2v/lib/python3.12/site-packages/tensorboardX/proto/tensor_pb2.py", line 15, in <module>
    from tensorboardX.proto import resource_handle_pb2 as tensorboardX_dot_proto_dot_resource__handle__pb2
  File "/u/yli8/hokin/video-reason-experiments/VMEvalKit/envs/hunyuan-video-i2v/lib/python3.12/site-packages/tensorboardX/proto/resource_handle_pb2.py", line 35, in <module>
    _descriptor.FieldDescriptor(
  File "/u/yli8/hokin/video-reason-experiments/VMEvalKit/envs/hunyuan-video-i2v/lib/python3.12/site-packages/google/protobuf/descriptor.py", line 675, in __new__
    _message.Message._CheckCalledFromGeneratedFile()
TypeError: Descriptors cannot be created directly.
If this call came from a _pb2.py file, your generated code is out of date and must be regenerated with protoc >= 3.19.0.
If you cannot immediately regenerate your protos, some other possible workarounds are:
 1. Downgrade the protobuf package to 3.20.x or lower.
 2. Set PROTOCOL_BUFFERS_PYTHON_IMPLEMENTATION=python (but this will use pure-Python parsing and will be much slower).

More information: https://developers.google.com/protocol-buffers/docs/news/2022-05-06#python-updates

    [6/50] Processing: object_trajectory_0005

  🎬 Generating: object_trajectory_0005 with hunyuan-video-i2v
     Image: /u/yli8/hokin/video-reason-experiments/data/questions/G-1_object_trajectory_data-generator/object_trajectory_task/object_trajectory_0005/first_frame.png
     Prompt: The scene contains a square object and a dashed target position (indicated by a ...
Warning: HunyuanVideo requires 60-80GB GPU memory for 720p generation

✅ Inference complete! Output saved to: /u/yli8/hokin/video-reason-experiments/data/outputs/hunyuan-video-i2v/object_trajectory_task/object_trajectory_0005
   - Generated: /u/yli8/hokin/video-reason-experiments/data/outputs/hunyuan-video-i2v/object_trajectory_task/object_trajectory_0005/video/video.mp4
   - Question: /u/yli8/hokin/video-reason-experiments/data/outputs/hunyuan-video-i2v/object_trajectory_task/object_trajectory_0005/question/
     ❌ Failed: Traceback (most recent call last):
  File "/u/yli8/hokin/video-reason-experiments/VMEvalKit/submodules/HunyuanVideo-I2V/sample_image2video.py", line 8, in <module>
    from hyvideo.config import parse_args
  File "/u/yli8/hokin/video-reason-experiments/VMEvalKit/submodules/HunyuanVideo-I2V/hyvideo/config.py", line 4, in <module>
    from .modules.models import HUNYUAN_VIDEO_CONFIG
  File "/u/yli8/hokin/video-reason-experiments/VMEvalKit/submodules/HunyuanVideo-I2V/hyvideo/modules/__init__.py", line 1, in <module>
    from .models import HYVideoDiffusionTransformer, HUNYUAN_VIDEO_CONFIG
  File "/u/yli8/hokin/video-reason-experiments/VMEvalKit/submodules/HunyuanVideo-I2V/hyvideo/modules/models.py", line 15, in <module>
    from .embed_layers import TimestepEmbedder, PatchEmbed, TextProjection
  File "/u/yli8/hokin/video-reason-experiments/VMEvalKit/submodules/HunyuanVideo-I2V/hyvideo/modules/embed_layers.py", line 6, in <module>
    from ..utils.helpers import to_2tuple
  File "/u/yli8/hokin/video-reason-experiments/VMEvalKit/submodules/HunyuanVideo-I2V/hyvideo/utils/helpers.py", line 11, in <module>
    import deepspeed
  File "/u/yli8/hokin/video-reason-experiments/VMEvalKit/envs/hunyuan-video-i2v/lib/python3.12/site-packages/deepspeed/__init__.py", line 9, in <module>
    from .runtime.engine import DeepSpeedEngine
  File "/u/yli8/hokin/video-reason-experiments/VMEvalKit/envs/hunyuan-video-i2v/lib/python3.12/site-packages/deepspeed/runtime/engine.py", line 12, in <module>
    from tensorboardX import SummaryWriter
  File "/u/yli8/hokin/video-reason-experiments/VMEvalKit/envs/hunyuan-video-i2v/lib/python3.12/site-packages/tensorboardX/__init__.py", line 5, in <module>
    from .torchvis import TorchVis
  File "/u/yli8/hokin/video-reason-experiments/VMEvalKit/envs/hunyuan-video-i2v/lib/python3.12/site-packages/tensorboardX/torchvis.py", line 11, in <module>
    from .writer import SummaryWriter
  File "/u/yli8/hokin/video-reason-experiments/VMEvalKit/envs/hunyuan-video-i2v/lib/python3.12/site-packages/tensorboardX/writer.py", line 15, in <module>
    from .event_file_writer import EventFileWriter
  File "/u/yli8/hokin/video-reason-experiments/VMEvalKit/envs/hunyuan-video-i2v/lib/python3.12/site-packages/tensorboardX/event_file_writer.py", line 28, in <module>
    from .proto import event_pb2
  File "/u/yli8/hokin/video-reason-experiments/VMEvalKit/envs/hunyuan-video-i2v/lib/python3.12/site-packages/tensorboardX/proto/event_pb2.py", line 15, in <module>
    from tensorboardX.proto import summary_pb2 as tensorboardX_dot_proto_dot_summary__pb2
  File "/u/yli8/hokin/video-reason-experiments/VMEvalKit/envs/hunyuan-video-i2v/lib/python3.12/site-packages/tensorboardX/proto/summary_pb2.py", line 15, in <module>
    from tensorboardX.proto import tensor_pb2 as tensorboardX_dot_proto_dot_tensor__pb2
  File "/u/yli8/hokin/video-reason-experiments/VMEvalKit/envs/hunyuan-video-i2v/lib/python3.12/site-packages/tensorboardX/proto/tensor_pb2.py", line 15, in <module>
    from tensorboardX.proto import resource_handle_pb2 as tensorboardX_dot_proto_dot_resource__handle__pb2
  File "/u/yli8/hokin/video-reason-experiments/VMEvalKit/envs/hunyuan-video-i2v/lib/python3.12/site-packages/tensorboardX/proto/resource_handle_pb2.py", line 35, in <module>
    _descriptor.FieldDescriptor(
  File "/u/yli8/hokin/video-reason-experiments/VMEvalKit/envs/hunyuan-video-i2v/lib/python3.12/site-packages/google/protobuf/descriptor.py", line 675, in __new__
    _message.Message._CheckCalledFromGeneratedFile()
TypeError: Descriptors cannot be created directly.
If this call came from a _pb2.py file, your generated code is out of date and must be regenerated with protoc >= 3.19.0.
If you cannot immediately regenerate your protos, some other possible workarounds are:
 1. Downgrade the protobuf package to 3.20.x or lower.
 2. Set PROTOCOL_BUFFERS_PYTHON_IMPLEMENTATION=python (but this will use pure-Python parsing and will be much slower).

More information: https://developers.google.com/protocol-buffers/docs/news/2022-05-06#python-updates

      ❌ Failed: Traceback (most recent call last):
  File "/u/yli8/hokin/video-reason-experiments/VMEvalKit/submodules/HunyuanVideo-I2V/sample_image2video.py", line 8, in <module>
    from hyvideo.config import parse_args
  File "/u/yli8/hokin/video-reason-experiments/VMEvalKit/submodules/HunyuanVideo-I2V/hyvideo/config.py", line 4, in <module>
    from .modules.models import HUNYUAN_VIDEO_CONFIG
  File "/u/yli8/hokin/video-reason-experiments/VMEvalKit/submodules/HunyuanVideo-I2V/hyvideo/modules/__init__.py", line 1, in <module>
    from .models import HYVideoDiffusionTransformer, HUNYUAN_VIDEO_CONFIG
  File "/u/yli8/hokin/video-reason-experiments/VMEvalKit/submodules/HunyuanVideo-I2V/hyvideo/modules/models.py", line 15, in <module>
    from .embed_layers import TimestepEmbedder, PatchEmbed, TextProjection
  File "/u/yli8/hokin/video-reason-experiments/VMEvalKit/submodules/HunyuanVideo-I2V/hyvideo/modules/embed_layers.py", line 6, in <module>
    from ..utils.helpers import to_2tuple
  File "/u/yli8/hokin/video-reason-experiments/VMEvalKit/submodules/HunyuanVideo-I2V/hyvideo/utils/helpers.py", line 11, in <module>
    import deepspeed
  File "/u/yli8/hokin/video-reason-experiments/VMEvalKit/envs/hunyuan-video-i2v/lib/python3.12/site-packages/deepspeed/__init__.py", line 9, in <module>
    from .runtime.engine import DeepSpeedEngine
  File "/u/yli8/hokin/video-reason-experiments/VMEvalKit/envs/hunyuan-video-i2v/lib/python3.12/site-packages/deepspeed/runtime/engine.py", line 12, in <module>
    from tensorboardX import SummaryWriter
  File "/u/yli8/hokin/video-reason-experiments/VMEvalKit/envs/hunyuan-video-i2v/lib/python3.12/site-packages/tensorboardX/__init__.py", line 5, in <module>
    from .torchvis import TorchVis
  File "/u/yli8/hokin/video-reason-experiments/VMEvalKit/envs/hunyuan-video-i2v/lib/python3.12/site-packages/tensorboardX/torchvis.py", line 11, in <module>
    from .writer import SummaryWriter
  File "/u/yli8/hokin/video-reason-experiments/VMEvalKit/envs/hunyuan-video-i2v/lib/python3.12/site-packages/tensorboardX/writer.py", line 15, in <module>
    from .event_file_writer import EventFileWriter
  File "/u/yli8/hokin/video-reason-experiments/VMEvalKit/envs/hunyuan-video-i2v/lib/python3.12/site-packages/tensorboardX/event_file_writer.py", line 28, in <module>
    from .proto import event_pb2
  File "/u/yli8/hokin/video-reason-experiments/VMEvalKit/envs/hunyuan-video-i2v/lib/python3.12/site-packages/tensorboardX/proto/event_pb2.py", line 15, in <module>
    from tensorboardX.proto import summary_pb2 as tensorboardX_dot_proto_dot_summary__pb2
  File "/u/yli8/hokin/video-reason-experiments/VMEvalKit/envs/hunyuan-video-i2v/lib/python3.12/site-packages/tensorboardX/proto/summary_pb2.py", line 15, in <module>
    from tensorboardX.proto import tensor_pb2 as tensorboardX_dot_proto_dot_tensor__pb2
  File "/u/yli8/hokin/video-reason-experiments/VMEvalKit/envs/hunyuan-video-i2v/lib/python3.12/site-packages/tensorboardX/proto/tensor_pb2.py", line 15, in <module>
    from tensorboardX.proto import resource_handle_pb2 as tensorboardX_dot_proto_dot_resource__handle__pb2
  File "/u/yli8/hokin/video-reason-experiments/VMEvalKit/envs/hunyuan-video-i2v/lib/python3.12/site-packages/tensorboardX/proto/resource_handle_pb2.py", line 35, in <module>
    _descriptor.FieldDescriptor(
  File "/u/yli8/hokin/video-reason-experiments/VMEvalKit/envs/hunyuan-video-i2v/lib/python3.12/site-packages/google/protobuf/descriptor.py", line 675, in __new__
    _message.Message._CheckCalledFromGeneratedFile()
TypeError: Descriptors cannot be created directly.
If this call came from a _pb2.py file, your generated code is out of date and must be regenerated with protoc >= 3.19.0.
If you cannot immediately regenerate your protos, some other possible workarounds are:
 1. Downgrade the protobuf package to 3.20.x or lower.
 2. Set PROTOCOL_BUFFERS_PYTHON_IMPLEMENTATION=python (but this will use pure-Python parsing and will be much slower).

More information: https://developers.google.com/protocol-buffers/docs/news/2022-05-06#python-updates

    [7/50] Processing: object_trajectory_0006

  🎬 Generating: object_trajectory_0006 with hunyuan-video-i2v
     Image: /u/yli8/hokin/video-reason-experiments/data/questions/G-1_object_trajectory_data-generator/object_trajectory_task/object_trajectory_0006/first_frame.png
     Prompt: The scene contains a circle object and a dashed target position (indicated by a ...
Warning: HunyuanVideo requires 60-80GB GPU memory for 720p generation

✅ Inference complete! Output saved to: /u/yli8/hokin/video-reason-experiments/data/outputs/hunyuan-video-i2v/object_trajectory_task/object_trajectory_0006
   - Generated: /u/yli8/hokin/video-reason-experiments/data/outputs/hunyuan-video-i2v/object_trajectory_task/object_trajectory_0006/video/video.mp4
   - Question: /u/yli8/hokin/video-reason-experiments/data/outputs/hunyuan-video-i2v/object_trajectory_task/object_trajectory_0006/question/
     ❌ Failed: Traceback (most recent call last):
  File "/u/yli8/hokin/video-reason-experiments/VMEvalKit/submodules/HunyuanVideo-I2V/sample_image2video.py", line 8, in <module>
    from hyvideo.config import parse_args
  File "/u/yli8/hokin/video-reason-experiments/VMEvalKit/submodules/HunyuanVideo-I2V/hyvideo/config.py", line 4, in <module>
    from .modules.models import HUNYUAN_VIDEO_CONFIG
  File "/u/yli8/hokin/video-reason-experiments/VMEvalKit/submodules/HunyuanVideo-I2V/hyvideo/modules/__init__.py", line 1, in <module>
    from .models import HYVideoDiffusionTransformer, HUNYUAN_VIDEO_CONFIG
  File "/u/yli8/hokin/video-reason-experiments/VMEvalKit/submodules/HunyuanVideo-I2V/hyvideo/modules/models.py", line 15, in <module>
    from .embed_layers import TimestepEmbedder, PatchEmbed, TextProjection
  File "/u/yli8/hokin/video-reason-experiments/VMEvalKit/submodules/HunyuanVideo-I2V/hyvideo/modules/embed_layers.py", line 6, in <module>
    from ..utils.helpers import to_2tuple
  File "/u/yli8/hokin/video-reason-experiments/VMEvalKit/submodules/HunyuanVideo-I2V/hyvideo/utils/helpers.py", line 11, in <module>
    import deepspeed
  File "/u/yli8/hokin/video-reason-experiments/VMEvalKit/envs/hunyuan-video-i2v/lib/python3.12/site-packages/deepspeed/__init__.py", line 9, in <module>
    from .runtime.engine import DeepSpeedEngine
  File "/u/yli8/hokin/video-reason-experiments/VMEvalKit/envs/hunyuan-video-i2v/lib/python3.12/site-packages/deepspeed/runtime/engine.py", line 14, in <module>
    from deepspeed.runtime.zero.stage2 import FP16_DeepSpeedZeroOptimizer
  File "/u/yli8/hokin/video-reason-experiments/VMEvalKit/envs/hunyuan-video-i2v/lib/python3.12/site-packages/deepspeed/runtime/zero/stage2.py", line 10, in <module>
    from torch._six import inf
ModuleNotFoundError: No module named 'torch._six'

      ❌ Failed: Traceback (most recent call last):
  File "/u/yli8/hokin/video-reason-experiments/VMEvalKit/submodules/HunyuanVideo-I2V/sample_image2video.py", line 8, in <module>
    from hyvideo.config import parse_args
  File "/u/yli8/hokin/video-reason-experiments/VMEvalKit/submodules/HunyuanVideo-I2V/hyvideo/config.py", line 4, in <module>
    from .modules.models import HUNYUAN_VIDEO_CONFIG
  File "/u/yli8/hokin/video-reason-experiments/VMEvalKit/submodules/HunyuanVideo-I2V/hyvideo/modules/__init__.py", line 1, in <module>
    from .models import HYVideoDiffusionTransformer, HUNYUAN_VIDEO_CONFIG
  File "/u/yli8/hokin/video-reason-experiments/VMEvalKit/submodules/HunyuanVideo-I2V/hyvideo/modules/models.py", line 15, in <module>
    from .embed_layers import TimestepEmbedder, PatchEmbed, TextProjection
  File "/u/yli8/hokin/video-reason-experiments/VMEvalKit/submodules/HunyuanVideo-I2V/hyvideo/modules/embed_layers.py", line 6, in <module>
    from ..utils.helpers import to_2tuple
  File "/u/yli8/hokin/video-reason-experiments/VMEvalKit/submodules/HunyuanVideo-I2V/hyvideo/utils/helpers.py", line 11, in <module>
    import deepspeed
  File "/u/yli8/hokin/video-reason-experiments/VMEvalKit/envs/hunyuan-video-i2v/lib/python3.12/site-packages/deepspeed/__init__.py", line 9, in <module>
    from .runtime.engine import DeepSpeedEngine
  File "/u/yli8/hokin/video-reason-experiments/VMEvalKit/envs/hunyuan-video-i2v/lib/python3.12/site-packages/deepspeed/runtime/engine.py", line 14, in <module>
    from deepspeed.runtime.zero.stage2 import FP16_DeepSpeedZeroOptimizer
  File "/u/yli8/hokin/video-reason-experiments/VMEvalKit/envs/hunyuan-video-i2v/lib/python3.12/site-packages/deepspeed/runtime/zero/stage2.py", line 10, in <module>
    from torch._six import inf
ModuleNotFoundError: No module named 'torch._six'

    [8/50] Processing: object_trajectory_0007

  🎬 Generating: object_trajectory_0007 with hunyuan-video-i2v
     Image: /u/yli8/hokin/video-reason-experiments/data/questions/G-1_object_trajectory_data-generator/object_trajectory_task/object_trajectory_0007/first_frame.png
     Prompt: The scene contains a diamond object and a dashed target position (indicated by a...
Warning: HunyuanVideo requires 60-80GB GPU memory for 720p generation

✅ Inference complete! Output saved to: /u/yli8/hokin/video-reason-experiments/data/outputs/hunyuan-video-i2v/object_trajectory_task/object_trajectory_0007
   - Generated: /u/yli8/hokin/video-reason-experiments/data/outputs/hunyuan-video-i2v/object_trajectory_task/object_trajectory_0007/video/video.mp4
   - Question: /u/yli8/hokin/video-reason-experiments/data/outputs/hunyuan-video-i2v/object_trajectory_task/object_trajectory_0007/question/
     ❌ Failed: Traceback (most recent call last):
  File "/u/yli8/hokin/video-reason-experiments/VMEvalKit/submodules/HunyuanVideo-I2V/sample_image2video.py", line 8, in <module>
    from hyvideo.config import parse_args
  File "/u/yli8/hokin/video-reason-experiments/VMEvalKit/submodules/HunyuanVideo-I2V/hyvideo/config.py", line 4, in <module>
    from .modules.models import HUNYUAN_VIDEO_CONFIG
  File "/u/yli8/hokin/video-reason-experiments/VMEvalKit/submodules/HunyuanVideo-I2V/hyvideo/modules/__init__.py", line 1, in <module>
    from .models import HYVideoDiffusionTransformer, HUNYUAN_VIDEO_CONFIG
  File "/u/yli8/hokin/video-reason-experiments/VMEvalKit/submodules/HunyuanVideo-I2V/hyvideo/modules/models.py", line 15, in <module>
    from .embed_layers import TimestepEmbedder, PatchEmbed, TextProjection
  File "/u/yli8/hokin/video-reason-experiments/VMEvalKit/submodules/HunyuanVideo-I2V/hyvideo/modules/embed_layers.py", line 6, in <module>
    from ..utils.helpers import to_2tuple
  File "/u/yli8/hokin/video-reason-experiments/VMEvalKit/submodules/HunyuanVideo-I2V/hyvideo/utils/helpers.py", line 11, in <module>
    import deepspeed
  File "/u/yli8/hokin/video-reason-experiments/VMEvalKit/envs/hunyuan-video-i2v/lib/python3.12/site-packages/deepspeed/__init__.py", line 9, in <module>
    from .runtime.engine import DeepSpeedEngine
  File "/u/yli8/hokin/video-reason-experiments/VMEvalKit/envs/hunyuan-video-i2v/lib/python3.12/site-packages/deepspeed/runtime/engine.py", line 14, in <module>
    from deepspeed.runtime.zero.stage2 import FP16_DeepSpeedZeroOptimizer
  File "/u/yli8/hokin/video-reason-experiments/VMEvalKit/envs/hunyuan-video-i2v/lib/python3.12/site-packages/deepspeed/runtime/zero/stage2.py", line 10, in <module>
    from torch._six import inf
ModuleNotFoundError: No module named 'torch._six'

      ❌ Failed: Traceback (most recent call last):
  File "/u/yli8/hokin/video-reason-experiments/VMEvalKit/submodules/HunyuanVideo-I2V/sample_image2video.py", line 8, in <module>
    from hyvideo.config import parse_args
  File "/u/yli8/hokin/video-reason-experiments/VMEvalKit/submodules/HunyuanVideo-I2V/hyvideo/config.py", line 4, in <module>
    from .modules.models import HUNYUAN_VIDEO_CONFIG
  File "/u/yli8/hokin/video-reason-experiments/VMEvalKit/submodules/HunyuanVideo-I2V/hyvideo/modules/__init__.py", line 1, in <module>
    from .models import HYVideoDiffusionTransformer, HUNYUAN_VIDEO_CONFIG
  File "/u/yli8/hokin/video-reason-experiments/VMEvalKit/submodules/HunyuanVideo-I2V/hyvideo/modules/models.py", line 15, in <module>
    from .embed_layers import TimestepEmbedder, PatchEmbed, TextProjection
  File "/u/yli8/hokin/video-reason-experiments/VMEvalKit/submodules/HunyuanVideo-I2V/hyvideo/modules/embed_layers.py", line 6, in <module>
    from ..utils.helpers import to_2tuple
  File "/u/yli8/hokin/video-reason-experiments/VMEvalKit/submodules/HunyuanVideo-I2V/hyvideo/utils/helpers.py", line 11, in <module>
    import deepspeed
  File "/u/yli8/hokin/video-reason-experiments/VMEvalKit/envs/hunyuan-video-i2v/lib/python3.12/site-packages/deepspeed/__init__.py", line 9, in <module>
    from .runtime.engine import DeepSpeedEngine
  File "/u/yli8/hokin/video-reason-experiments/VMEvalKit/envs/hunyuan-video-i2v/lib/python3.12/site-packages/deepspeed/runtime/engine.py", line 14, in <module>
    from deepspeed.runtime.zero.stage2 import FP16_DeepSpeedZeroOptimizer
  File "/u/yli8/hokin/video-reason-experiments/VMEvalKit/envs/hunyuan-video-i2v/lib/python3.12/site-packages/deepspeed/runtime/zero/stage2.py", line 10, in <module>
    from torch._six import inf
ModuleNotFoundError: No module named 'torch._six'

    [9/50] Processing: object_trajectory_0008

  🎬 Generating: object_trajectory_0008 with hunyuan-video-i2v
     Image: /u/yli8/hokin/video-reason-experiments/data/questions/G-1_object_trajectory_data-generator/object_trajectory_task/object_trajectory_0008/first_frame.png
     Prompt: The scene contains a circle object and a dashed target position (indicated by a ...
Warning: HunyuanVideo requires 60-80GB GPU memory for 720p generation

✅ Inference complete! Output saved to: /u/yli8/hokin/video-reason-experiments/data/outputs/hunyuan-video-i2v/object_trajectory_task/object_trajectory_0008
   - Generated: /u/yli8/hokin/video-reason-experiments/data/outputs/hunyuan-video-i2v/object_trajectory_task/object_trajectory_0008/video/video.mp4
   - Question: /u/yli8/hokin/video-reason-experiments/data/outputs/hunyuan-video-i2v/object_trajectory_task/object_trajectory_0008/question/
     ❌ Failed: Traceback (most recent call last):
  File "/u/yli8/hokin/video-reason-experiments/VMEvalKit/submodules/HunyuanVideo-I2V/sample_image2video.py", line 8, in <module>
    from hyvideo.config import parse_args
  File "/u/yli8/hokin/video-reason-experiments/VMEvalKit/submodules/HunyuanVideo-I2V/hyvideo/config.py", line 4, in <module>
    from .modules.models import HUNYUAN_VIDEO_CONFIG
  File "/u/yli8/hokin/video-reason-experiments/VMEvalKit/submodules/HunyuanVideo-I2V/hyvideo/modules/__init__.py", line 1, in <module>
    from .models import HYVideoDiffusionTransformer, HUNYUAN_VIDEO_CONFIG
  File "/u/yli8/hokin/video-reason-experiments/VMEvalKit/submodules/HunyuanVideo-I2V/hyvideo/modules/models.py", line 15, in <module>
    from .embed_layers import TimestepEmbedder, PatchEmbed, TextProjection
  File "/u/yli8/hokin/video-reason-experiments/VMEvalKit/submodules/HunyuanVideo-I2V/hyvideo/modules/embed_layers.py", line 6, in <module>
    from ..utils.helpers import to_2tuple
  File "/u/yli8/hokin/video-reason-experiments/VMEvalKit/submodules/HunyuanVideo-I2V/hyvideo/utils/helpers.py", line 11, in <module>
    import deepspeed
  File "/u/yli8/hokin/video-reason-experiments/VMEvalKit/envs/hunyuan-video-i2v/lib/python3.12/site-packages/deepspeed/__init__.py", line 9, in <module>
    from .runtime.engine import DeepSpeedEngine
  File "/u/yli8/hokin/video-reason-experiments/VMEvalKit/envs/hunyuan-video-i2v/lib/python3.12/site-packages/deepspeed/runtime/engine.py", line 14, in <module>
    from deepspeed.runtime.zero.stage2 import FP16_DeepSpeedZeroOptimizer
  File "/u/yli8/hokin/video-reason-experiments/VMEvalKit/envs/hunyuan-video-i2v/lib/python3.12/site-packages/deepspeed/runtime/zero/stage2.py", line 10, in <module>
    from torch._six import inf
ModuleNotFoundError: No module named 'torch._six'

      ❌ Failed: Traceback (most recent call last):
  File "/u/yli8/hokin/video-reason-experiments/VMEvalKit/submodules/HunyuanVideo-I2V/sample_image2video.py", line 8, in <module>
    from hyvideo.config import parse_args
  File "/u/yli8/hokin/video-reason-experiments/VMEvalKit/submodules/HunyuanVideo-I2V/hyvideo/config.py", line 4, in <module>
    from .modules.models import HUNYUAN_VIDEO_CONFIG
  File "/u/yli8/hokin/video-reason-experiments/VMEvalKit/submodules/HunyuanVideo-I2V/hyvideo/modules/__init__.py", line 1, in <module>
    from .models import HYVideoDiffusionTransformer, HUNYUAN_VIDEO_CONFIG
  File "/u/yli8/hokin/video-reason-experiments/VMEvalKit/submodules/HunyuanVideo-I2V/hyvideo/modules/models.py", line 15, in <module>
    from .embed_layers import TimestepEmbedder, PatchEmbed, TextProjection
  File "/u/yli8/hokin/video-reason-experiments/VMEvalKit/submodules/HunyuanVideo-I2V/hyvideo/modules/embed_layers.py", line 6, in <module>
    from ..utils.helpers import to_2tuple
  File "/u/yli8/hokin/video-reason-experiments/VMEvalKit/submodules/HunyuanVideo-I2V/hyvideo/utils/helpers.py", line 11, in <module>
    import deepspeed
  File "/u/yli8/hokin/video-reason-experiments/VMEvalKit/envs/hunyuan-video-i2v/lib/python3.12/site-packages/deepspeed/__init__.py", line 9, in <module>
    from .runtime.engine import DeepSpeedEngine
  File "/u/yli8/hokin/video-reason-experiments/VMEvalKit/envs/hunyuan-video-i2v/lib/python3.12/site-packages/deepspeed/runtime/engine.py", line 14, in <module>
    from deepspeed.runtime.zero.stage2 import FP16_DeepSpeedZeroOptimizer
  File "/u/yli8/hokin/video-reason-experiments/VMEvalKit/envs/hunyuan-video-i2v/lib/python3.12/site-packages/deepspeed/runtime/zero/stage2.py", line 10, in <module>
    from torch._six import inf
ModuleNotFoundError: No module named 'torch._six'

    [10/50] Processing: object_trajectory_0009

  🎬 Generating: object_trajectory_0009 with hunyuan-video-i2v
     Image: /u/yli8/hokin/video-reason-experiments/data/questions/G-1_object_trajectory_data-generator/object_trajectory_task/object_trajectory_0009/first_frame.png
     Prompt: The scene contains a square object and a dashed target position (indicated by a ...
Warning: HunyuanVideo requires 60-80GB GPU memory for 720p generation

✅ Inference complete! Output saved to: /u/yli8/hokin/video-reason-experiments/data/outputs/hunyuan-video-i2v/object_trajectory_task/object_trajectory_0009
   - Generated: /u/yli8/hokin/video-reason-experiments/data/outputs/hunyuan-video-i2v/object_trajectory_task/object_trajectory_0009/video/video.mp4
   - Question: /u/yli8/hokin/video-reason-experiments/data/outputs/hunyuan-video-i2v/object_trajectory_task/object_trajectory_0009/question/
     ❌ Failed: Traceback (most recent call last):
  File "/u/yli8/hokin/video-reason-experiments/VMEvalKit/submodules/HunyuanVideo-I2V/sample_image2video.py", line 8, in <module>
    from hyvideo.config import parse_args
  File "/u/yli8/hokin/video-reason-experiments/VMEvalKit/submodules/HunyuanVideo-I2V/hyvideo/config.py", line 4, in <module>
    from .modules.models import HUNYUAN_VIDEO_CONFIG
  File "/u/yli8/hokin/video-reason-experiments/VMEvalKit/submodules/HunyuanVideo-I2V/hyvideo/modules/__init__.py", line 1, in <module>
    from .models import HYVideoDiffusionTransformer, HUNYUAN_VIDEO_CONFIG
  File "/u/yli8/hokin/video-reason-experiments/VMEvalKit/submodules/HunyuanVideo-I2V/hyvideo/modules/models.py", line 15, in <module>
    from .embed_layers import TimestepEmbedder, PatchEmbed, TextProjection
  File "/u/yli8/hokin/video-reason-experiments/VMEvalKit/submodules/HunyuanVideo-I2V/hyvideo/modules/embed_layers.py", line 6, in <module>
    from ..utils.helpers import to_2tuple
  File "/u/yli8/hokin/video-reason-experiments/VMEvalKit/submodules/HunyuanVideo-I2V/hyvideo/utils/helpers.py", line 11, in <module>
    import deepspeed
  File "/u/yli8/hokin/video-reason-experiments/VMEvalKit/envs/hunyuan-video-i2v/lib/python3.12/site-packages/deepspeed/__init__.py", line 9, in <module>
    from .runtime.engine import DeepSpeedEngine
  File "/u/yli8/hokin/video-reason-experiments/VMEvalKit/envs/hunyuan-video-i2v/lib/python3.12/site-packages/deepspeed/runtime/engine.py", line 14, in <module>
    from deepspeed.runtime.zero.stage2 import FP16_DeepSpeedZeroOptimizer
  File "/u/yli8/hokin/video-reason-experiments/VMEvalKit/envs/hunyuan-video-i2v/lib/python3.12/site-packages/deepspeed/runtime/zero/stage2.py", line 10, in <module>
    from torch._six import inf
ModuleNotFoundError: No module named 'torch._six'

      ❌ Failed: Traceback (most recent call last):
  File "/u/yli8/hokin/video-reason-experiments/VMEvalKit/submodules/HunyuanVideo-I2V/sample_image2video.py", line 8, in <module>
    from hyvideo.config import parse_args
  File "/u/yli8/hokin/video-reason-experiments/VMEvalKit/submodules/HunyuanVideo-I2V/hyvideo/config.py", line 4, in <module>
    from .modules.models import HUNYUAN_VIDEO_CONFIG
  File "/u/yli8/hokin/video-reason-experiments/VMEvalKit/submodules/HunyuanVideo-I2V/hyvideo/modules/__init__.py", line 1, in <module>
    from .models import HYVideoDiffusionTransformer, HUNYUAN_VIDEO_CONFIG
  File "/u/yli8/hokin/video-reason-experiments/VMEvalKit/submodules/HunyuanVideo-I2V/hyvideo/modules/models.py", line 15, in <module>
    from .embed_layers import TimestepEmbedder, PatchEmbed, TextProjection
  File "/u/yli8/hokin/video-reason-experiments/VMEvalKit/submodules/HunyuanVideo-I2V/hyvideo/modules/embed_layers.py", line 6, in <module>
    from ..utils.helpers import to_2tuple
  File "/u/yli8/hokin/video-reason-experiments/VMEvalKit/submodules/HunyuanVideo-I2V/hyvideo/utils/helpers.py", line 11, in <module>
    import deepspeed
  File "/u/yli8/hokin/video-reason-experiments/VMEvalKit/envs/hunyuan-video-i2v/lib/python3.12/site-packages/deepspeed/__init__.py", line 9, in <module>
    from .runtime.engine import DeepSpeedEngine
  File "/u/yli8/hokin/video-reason-experiments/VMEvalKit/envs/hunyuan-video-i2v/lib/python3.12/site-packages/deepspeed/runtime/engine.py", line 14, in <module>
    from deepspeed.runtime.zero.stage2 import FP16_DeepSpeedZeroOptimizer
  File "/u/yli8/hokin/video-reason-experiments/VMEvalKit/envs/hunyuan-video-i2v/lib/python3.12/site-packages/deepspeed/runtime/zero/stage2.py", line 10, in <module>
    from torch._six import inf
ModuleNotFoundError: No module named 'torch._six'

    [11/50] Processing: object_trajectory_0010

  🎬 Generating: object_trajectory_0010 with hunyuan-video-i2v
     Image: /u/yli8/hokin/video-reason-experiments/data/questions/G-1_object_trajectory_data-generator/object_trajectory_task/object_trajectory_0010/first_frame.png
     Prompt: The scene contains a circle object and a dashed target position (indicated by a ...
Warning: HunyuanVideo requires 60-80GB GPU memory for 720p generation

✅ Inference complete! Output saved to: /u/yli8/hokin/video-reason-experiments/data/outputs/hunyuan-video-i2v/object_trajectory_task/object_trajectory_0010
   - Generated: /u/yli8/hokin/video-reason-experiments/data/outputs/hunyuan-video-i2v/object_trajectory_task/object_trajectory_0010/video/video.mp4
   - Question: /u/yli8/hokin/video-reason-experiments/data/outputs/hunyuan-video-i2v/object_trajectory_task/object_trajectory_0010/question/
     ❌ Failed: Traceback (most recent call last):
  File "/u/yli8/hokin/video-reason-experiments/VMEvalKit/submodules/HunyuanVideo-I2V/sample_image2video.py", line 8, in <module>
    from hyvideo.config import parse_args
  File "/u/yli8/hokin/video-reason-experiments/VMEvalKit/submodules/HunyuanVideo-I2V/hyvideo/config.py", line 4, in <module>
    from .modules.models import HUNYUAN_VIDEO_CONFIG
  File "/u/yli8/hokin/video-reason-experiments/VMEvalKit/submodules/HunyuanVideo-I2V/hyvideo/modules/__init__.py", line 1, in <module>
    from .models import HYVideoDiffusionTransformer, HUNYUAN_VIDEO_CONFIG
  File "/u/yli8/hokin/video-reason-experiments/VMEvalKit/submodules/HunyuanVideo-I2V/hyvideo/modules/models.py", line 15, in <module>
    from .embed_layers import TimestepEmbedder, PatchEmbed, TextProjection
  File "/u/yli8/hokin/video-reason-experiments/VMEvalKit/submodules/HunyuanVideo-I2V/hyvideo/modules/embed_layers.py", line 6, in <module>
    from ..utils.helpers import to_2tuple
  File "/u/yli8/hokin/video-reason-experiments/VMEvalKit/submodules/HunyuanVideo-I2V/hyvideo/utils/helpers.py", line 11, in <module>
    try:
    ^^^^^
  File "/u/yli8/hokin/video-reason-experiments/VMEvalKit/envs/hunyuan-video-i2v/lib/python3.12/site-packages/deepspeed/__init__.py", line 9, in <module>
    from .runtime.engine import DeepSpeedEngine
  File "/u/yli8/hokin/video-reason-experiments/VMEvalKit/envs/hunyuan-video-i2v/lib/python3.12/site-packages/deepspeed/runtime/engine.py", line 14, in <module>
    from deepspeed.runtime.zero.stage2 import FP16_DeepSpeedZeroOptimizer
  File "/u/yli8/hokin/video-reason-experiments/VMEvalKit/envs/hunyuan-video-i2v/lib/python3.12/site-packages/deepspeed/runtime/zero/stage2.py", line 10, in <module>
    from torch._six import inf
ModuleNotFoundError: No module named 'torch._six'

      ❌ Failed: Traceback (most recent call last):
  File "/u/yli8/hokin/video-reason-experiments/VMEvalKit/submodules/HunyuanVideo-I2V/sample_image2video.py", line 8, in <module>
    from hyvideo.config import parse_args
  File "/u/yli8/hokin/video-reason-experiments/VMEvalKit/submodules/HunyuanVideo-I2V/hyvideo/config.py", line 4, in <module>
    from .modules.models import HUNYUAN_VIDEO_CONFIG
  File "/u/yli8/hokin/video-reason-experiments/VMEvalKit/submodules/HunyuanVideo-I2V/hyvideo/modules/__init__.py", line 1, in <module>
    from .models import HYVideoDiffusionTransformer, HUNYUAN_VIDEO_CONFIG
  File "/u/yli8/hokin/video-reason-experiments/VMEvalKit/submodules/HunyuanVideo-I2V/hyvideo/modules/models.py", line 15, in <module>
    from .embed_layers import TimestepEmbedder, PatchEmbed, TextProjection
  File "/u/yli8/hokin/video-reason-experiments/VMEvalKit/submodules/HunyuanVideo-I2V/hyvideo/modules/embed_layers.py", line 6, in <module>
    from ..utils.helpers import to_2tuple
  File "/u/yli8/hokin/video-reason-experiments/VMEvalKit/submodules/HunyuanVideo-I2V/hyvideo/utils/helpers.py", line 11, in <module>
    try:
    ^^^^^
  File "/u/yli8/hokin/video-reason-experiments/VMEvalKit/envs/hunyuan-video-i2v/lib/python3.12/site-packages/deepspeed/__init__.py", line 9, in <module>
    from .runtime.engine import DeepSpeedEngine
  File "/u/yli8/hokin/video-reason-experiments/VMEvalKit/envs/hunyuan-video-i2v/lib/python3.12/site-packages/deepspeed/runtime/engine.py", line 14, in <module>
    from deepspeed.runtime.zero.stage2 import FP16_DeepSpeedZeroOptimizer
  File "/u/yli8/hokin/video-reason-experiments/VMEvalKit/envs/hunyuan-video-i2v/lib/python3.12/site-packages/deepspeed/runtime/zero/stage2.py", line 10, in <module>
    from torch._six import inf
ModuleNotFoundError: No module named 'torch._six'

    [12/50] Processing: object_trajectory_0011

  🎬 Generating: object_trajectory_0011 with hunyuan-video-i2v
     Image: /u/yli8/hokin/video-reason-experiments/data/questions/G-1_object_trajectory_data-generator/object_trajectory_task/object_trajectory_0011/first_frame.png
     Prompt: The scene contains a square object and a dashed target position (indicated by a ...
Warning: HunyuanVideo requires 60-80GB GPU memory for 720p generation
