A conda environment has been detected CONDA_PREFIX=
/sw/user/python/miniforge3-pytorch-24.11.3 
miniconda3 is loaded. Consider running conda deactivate and reloading it.

Lmod is automatically replacing "gcc/14.2.0" with "gcc-native/12.3".

AWS OFI NCCL Plugin v1.6.0 loaded for CUDA 12.6.1
This provides network transport ONLY - NCCL library from PyTorch
Configured for Slingshot11/CXI interconnect
CUDA 12.6.1 loaded with compatible AWS OFI NCCL plugin v1.6.0
Plugin provides network transport - NCCL library from PyTorch
Use with python/miniforge3_pytorch/2.7.0 or equivalent for best compatibility

Activating Modules:
  1) cray-libsci/24.07.0     2) cray-mpich/8.1.30

AWS OFI NCCL Plugin v1.6.0 loaded for CUDA 12.6.1
This provides network transport ONLY - NCCL library from PyTorch
Configured for Slingshot11/CXI interconnect
CUDA 12.6.1 loaded with compatible AWS OFI NCCL plugin v1.6.0
Plugin provides network transport - NCCL library from PyTorch
Use with python/miniforge3_pytorch/2.7.0 or equivalent for best compatibility

Currently Loaded Modules:
  1) craype-arm-grace
  2) libfabric/1.20.1
  3) craype-network-ofi
  4) perftools-base/24.07.0
  5) xpmem/2.9.6-1.1_20240511212657__g087dc11fc19d
  6) craype/2.7.32
  7) cray-dsmml/0.3.0
  8) PrgEnv-gnu/8.5.0
  9) default
 10) craype-accel-nvidia90
 11) python/miniforge3_pytorch/2.7.0
 12) gcc-native/12.3
 13) cuda-compat/12.6
 14) nccl-ofi-plugin/1.6.0-cuda126
 15) cuda/12.6.1
 16) cray-mpich/8.1.30
 17) cray-libsci/24.07.0

 

./scripts/run_inference.sh: line 124: cd: ./data/questions/G-5_multi_object_placement_data-generator: No such file or directory
