==========================================
Job ID: 1803159
Job Name: hunyuan-G5
Node: gh027
Start Time: Sun 11 Jan 2026 08:02:26 PM CST
Working Directory: /u/yli8/hokin/video-reason-experiments
==========================================

Loaded modules:

GPU Information:
Sun Jan 11 20:02:32 2026       
+-----------------------------------------------------------------------------------------+
| NVIDIA-SMI 550.163.01             Driver Version: 550.163.01     CUDA Version: 12.6     |
|-----------------------------------------+------------------------+----------------------+
| GPU  Name                 Persistence-M | Bus-Id          Disp.A | Volatile Uncorr. ECC |
| Fan  Temp   Perf          Pwr:Usage/Cap |           Memory-Usage | GPU-Util  Compute M. |
|                                         |                        |               MIG M. |
|=========================================+========================+======================|
|   0  NVIDIA GH200 120GB             On  |   00000039:01:00.0 Off |                    0 |
| N/A   17C    P0             89W /  900W |      56MiB /  97871MiB |      0%      Default |
|                                         |                        |             Disabled |
+-----------------------------------------+------------------------+----------------------+
                                                                                         
+-----------------------------------------------------------------------------------------+
| Processes:                                                                              |
|  GPU   GI   CI        PID   Type   Process name                              GPU Memory |
|        ID   ID                                                               Usage      |
|=========================================================================================|
|  No running processes found                                                             |
+-----------------------------------------------------------------------------------------+

Starting inference...
Model: hunyuan-video-i2v
Task: G-5_multi_object_placement_data-generator
Questions dir: ./data/questions/G-5_multi_object_placement_data-generator

🎯 VMEvalKit Inference Runner
Model: hunyuan-video-i2v
GPU: 0
Questions dir: /u/yli8/hokin/video-reason-experiments/data/questions/G-5_multi_object_placement_data-generator
Output dir: /u/yli8/hokin/video-reason-experiments/data/outputs

🚀 Running: python /u/yli8/hokin/video-reason-experiments/VMEvalKit/examples/generate_videos.py --model hunyuan-video-i2v --questions-dir /u/yli8/hokin/video-reason-experiments/data/questions/G-5_multi_object_placement_data-generator --output-dir /u/yli8/hokin/video-reason-experiments/data/outputs --gpu 0
Working directory: /u/yli8/hokin/video-reason-experiments/VMEvalKit
================================================================================
🐍 Activating venv: /u/yli8/hokin/video-reason-experiments/VMEvalKit/envs/hunyuan-video-i2v
🎮 Using GPU 0 (CUDA_VISIBLE_DEVICES=0)
🔍 Discovering human-approved tasks from folder structure...
🔍 Discovering tasks from: /u/yli8/hokin/video-reason-experiments/data/questions/G-5_multi_object_placement_data-generator
   📁 Scanning multi_object_placement_task/
      ✅ Found 50 tasks in multi_object_placement

📊 Discovery Summary: 50 total tasks
   multi_object_placement: 50 tasks
   🎯 Running all discovered tasks

🎯 Selected 1 model(s): hunyuan-video-i2v

🔍 Verifying 1 model(s) for testing...
   ✅ hunyuan-video-i2v: HunyuanVideo
🚀 VMEVAL KIT EXPERIMENT - CLEAN EXECUTION

📊 Experiment Configuration:
   Models to run: 1 - hunyuan-video-i2v
   Domains: 1
   🔄 Execution Mode: SEQUENTIAL

📈 Task Distribution:
   Multi_Object_Placement: 50 approved tasks
   Total approved tasks: 50
   Total generations: 50

📁 Output directory: /u/yli8/hokin/video-reason-experiments/data/outputs
   Skip existing: True

📁 Output directory structure ready at: /u/yli8/hokin/video-reason-experiments/data/outputs
   Each inference will create a self-contained folder with:
   - video/: Generated video file
   - question/: Input images and prompt
   - metadata.json: Complete inference metadata
📁 Created per-model folders under: /u/yli8/hokin/video-reason-experiments/data/outputs and mirrored question tasks
📋 Total inference jobs to run: 50
🚀 Starting sequential execution...

   Processing order: Model by model, task by task

🤖 Processing Model: HunyuanVideo (hunyuan-video-i2v)

  📚 Domain: Multi_Object_Placement
    [1/50] Processing: multi_object_placement_0000

  🎬 Generating: multi_object_placement_0000 with hunyuan-video-i2v
     Image: /u/yli8/hokin/video-reason-experiments/data/questions/G-5_multi_object_placement_data-generator/multi_object_placement_task/multi_object_placement_0000/first_frame.png
     Prompt: The scene contains multiple colored objects and star markers. Keep all star mark...
Using model-specific Python: /u/yli8/hokin/video-reason-experiments/VMEvalKit/envs/hunyuan-video-i2v/bin/python
📦 Loaded model: hunyuan-video-i2v (will be reused for all tasks)
Warning: HunyuanVideo requires 60-80GB GPU memory for 720p generation

✅ Inference complete! Output saved to: /u/yli8/hokin/video-reason-experiments/data/outputs/hunyuan-video-i2v/multi_object_placement_task/multi_object_placement_0000
   - Generated: /u/yli8/hokin/video-reason-experiments/data/outputs/hunyuan-video-i2v/multi_object_placement_task/multi_object_placement_0000/video/video.mp4
   - Question: /u/yli8/hokin/video-reason-experiments/data/outputs/hunyuan-video-i2v/multi_object_placement_task/multi_object_placement_0000/question/
     ✅ Success! Structured output saved to: N/A
      ✅ Completed successfully
    [2/50] Processing: multi_object_placement_0001

  🎬 Generating: multi_object_placement_0001 with hunyuan-video-i2v
     Image: /u/yli8/hokin/video-reason-experiments/data/questions/G-5_multi_object_placement_data-generator/multi_object_placement_task/multi_object_placement_0001/first_frame.png
     Prompt: The scene contains multiple colored objects and star markers. Keep all star mark...
Warning: HunyuanVideo requires 60-80GB GPU memory for 720p generation

✅ Inference complete! Output saved to: /u/yli8/hokin/video-reason-experiments/data/outputs/hunyuan-video-i2v/multi_object_placement_task/multi_object_placement_0001
   - Generated: /u/yli8/hokin/video-reason-experiments/data/outputs/hunyuan-video-i2v/multi_object_placement_task/multi_object_placement_0001/video/video.mp4
   - Question: /u/yli8/hokin/video-reason-experiments/data/outputs/hunyuan-video-i2v/multi_object_placement_task/multi_object_placement_0001/question/
     ✅ Success! Structured output saved to: N/A
      ✅ Completed successfully
    [3/50] Processing: multi_object_placement_0002

  🎬 Generating: multi_object_placement_0002 with hunyuan-video-i2v
     Image: /u/yli8/hokin/video-reason-experiments/data/questions/G-5_multi_object_placement_data-generator/multi_object_placement_task/multi_object_placement_0002/first_frame.png
     Prompt: The scene contains multiple colored objects and star markers. Keep all star mark...
Warning: HunyuanVideo requires 60-80GB GPU memory for 720p generation

✅ Inference complete! Output saved to: /u/yli8/hokin/video-reason-experiments/data/outputs/hunyuan-video-i2v/multi_object_placement_task/multi_object_placement_0002
   - Generated: /u/yli8/hokin/video-reason-experiments/data/outputs/hunyuan-video-i2v/multi_object_placement_task/multi_object_placement_0002/video/video.mp4
   - Question: /u/yli8/hokin/video-reason-experiments/data/outputs/hunyuan-video-i2v/multi_object_placement_task/multi_object_placement_0002/question/
     ✅ Success! Structured output saved to: N/A
      ✅ Completed successfully
    [4/50] Processing: multi_object_placement_0003

  🎬 Generating: multi_object_placement_0003 with hunyuan-video-i2v
     Image: /u/yli8/hokin/video-reason-experiments/data/questions/G-5_multi_object_placement_data-generator/multi_object_placement_task/multi_object_placement_0003/first_frame.png
     Prompt: The scene contains multiple colored objects and star markers. Keep all star mark...
Warning: HunyuanVideo requires 60-80GB GPU memory for 720p generation

✅ Inference complete! Output saved to: /u/yli8/hokin/video-reason-experiments/data/outputs/hunyuan-video-i2v/multi_object_placement_task/multi_object_placement_0003
   - Generated: /u/yli8/hokin/video-reason-experiments/data/outputs/hunyuan-video-i2v/multi_object_placement_task/multi_object_placement_0003/video/video.mp4
   - Question: /u/yli8/hokin/video-reason-experiments/data/outputs/hunyuan-video-i2v/multi_object_placement_task/multi_object_placement_0003/question/
     ✅ Success! Structured output saved to: N/A
      ✅ Completed successfully
    [5/50] Processing: multi_object_placement_0004

  🎬 Generating: multi_object_placement_0004 with hunyuan-video-i2v
     Image: /u/yli8/hokin/video-reason-experiments/data/questions/G-5_multi_object_placement_data-generator/multi_object_placement_task/multi_object_placement_0004/first_frame.png
     Prompt: The scene contains multiple colored objects and star markers. Keep all star mark...
Warning: HunyuanVideo requires 60-80GB GPU memory for 720p generation

✅ Inference complete! Output saved to: /u/yli8/hokin/video-reason-experiments/data/outputs/hunyuan-video-i2v/multi_object_placement_task/multi_object_placement_0004
   - Generated: /u/yli8/hokin/video-reason-experiments/data/outputs/hunyuan-video-i2v/multi_object_placement_task/multi_object_placement_0004/video/video.mp4
   - Question: /u/yli8/hokin/video-reason-experiments/data/outputs/hunyuan-video-i2v/multi_object_placement_task/multi_object_placement_0004/question/
     ✅ Success! Structured output saved to: N/A
      ✅ Completed successfully
    [6/50] Processing: multi_object_placement_0005

  🎬 Generating: multi_object_placement_0005 with hunyuan-video-i2v
     Image: /u/yli8/hokin/video-reason-experiments/data/questions/G-5_multi_object_placement_data-generator/multi_object_placement_task/multi_object_placement_0005/first_frame.png
     Prompt: The scene contains multiple colored objects and star markers. Keep all star mark...
Warning: HunyuanVideo requires 60-80GB GPU memory for 720p generation

✅ Inference complete! Output saved to: /u/yli8/hokin/video-reason-experiments/data/outputs/hunyuan-video-i2v/multi_object_placement_task/multi_object_placement_0005
   - Generated: /u/yli8/hokin/video-reason-experiments/data/outputs/hunyuan-video-i2v/multi_object_placement_task/multi_object_placement_0005/video/video.mp4
   - Question: /u/yli8/hokin/video-reason-experiments/data/outputs/hunyuan-video-i2v/multi_object_placement_task/multi_object_placement_0005/question/
     ✅ Success! Structured output saved to: N/A
      ✅ Completed successfully
    [7/50] Processing: multi_object_placement_0006

  🎬 Generating: multi_object_placement_0006 with hunyuan-video-i2v
     Image: /u/yli8/hokin/video-reason-experiments/data/questions/G-5_multi_object_placement_data-generator/multi_object_placement_task/multi_object_placement_0006/first_frame.png
     Prompt: The scene contains multiple colored objects and star markers. Keep all star mark...
Warning: HunyuanVideo requires 60-80GB GPU memory for 720p generation

✅ Inference complete! Output saved to: /u/yli8/hokin/video-reason-experiments/data/outputs/hunyuan-video-i2v/multi_object_placement_task/multi_object_placement_0006
   - Generated: /u/yli8/hokin/video-reason-experiments/data/outputs/hunyuan-video-i2v/multi_object_placement_task/multi_object_placement_0006/video/video.mp4
   - Question: /u/yli8/hokin/video-reason-experiments/data/outputs/hunyuan-video-i2v/multi_object_placement_task/multi_object_placement_0006/question/
     ✅ Success! Structured output saved to: N/A
      ✅ Completed successfully
    [8/50] Processing: multi_object_placement_0007

  🎬 Generating: multi_object_placement_0007 with hunyuan-video-i2v
     Image: /u/yli8/hokin/video-reason-experiments/data/questions/G-5_multi_object_placement_data-generator/multi_object_placement_task/multi_object_placement_0007/first_frame.png
     Prompt: The scene contains multiple colored objects and star markers. Keep all star mark...
Warning: HunyuanVideo requires 60-80GB GPU memory for 720p generation

✅ Inference complete! Output saved to: /u/yli8/hokin/video-reason-experiments/data/outputs/hunyuan-video-i2v/multi_object_placement_task/multi_object_placement_0007
   - Generated: /u/yli8/hokin/video-reason-experiments/data/outputs/hunyuan-video-i2v/multi_object_placement_task/multi_object_placement_0007/video/video.mp4
   - Question: /u/yli8/hokin/video-reason-experiments/data/outputs/hunyuan-video-i2v/multi_object_placement_task/multi_object_placement_0007/question/
     ✅ Success! Structured output saved to: N/A
      ✅ Completed successfully
    [9/50] Processing: multi_object_placement_0008

  🎬 Generating: multi_object_placement_0008 with hunyuan-video-i2v
     Image: /u/yli8/hokin/video-reason-experiments/data/questions/G-5_multi_object_placement_data-generator/multi_object_placement_task/multi_object_placement_0008/first_frame.png
     Prompt: The scene contains multiple colored objects and star markers. Keep all star mark...
Warning: HunyuanVideo requires 60-80GB GPU memory for 720p generation

✅ Inference complete! Output saved to: /u/yli8/hokin/video-reason-experiments/data/outputs/hunyuan-video-i2v/multi_object_placement_task/multi_object_placement_0008
   - Generated: /u/yli8/hokin/video-reason-experiments/data/outputs/hunyuan-video-i2v/multi_object_placement_task/multi_object_placement_0008/video/video.mp4
   - Question: /u/yli8/hokin/video-reason-experiments/data/outputs/hunyuan-video-i2v/multi_object_placement_task/multi_object_placement_0008/question/
     ✅ Success! Structured output saved to: N/A
      ✅ Completed successfully
    [10/50] Processing: multi_object_placement_0009

  🎬 Generating: multi_object_placement_0009 with hunyuan-video-i2v
     Image: /u/yli8/hokin/video-reason-experiments/data/questions/G-5_multi_object_placement_data-generator/multi_object_placement_task/multi_object_placement_0009/first_frame.png
     Prompt: The scene contains multiple colored objects and star markers. Keep all star mark...
Warning: HunyuanVideo requires 60-80GB GPU memory for 720p generation

✅ Inference complete! Output saved to: /u/yli8/hokin/video-reason-experiments/data/outputs/hunyuan-video-i2v/multi_object_placement_task/multi_object_placement_0009
   - Generated: /u/yli8/hokin/video-reason-experiments/data/outputs/hunyuan-video-i2v/multi_object_placement_task/multi_object_placement_0009/video/video.mp4
   - Question: /u/yli8/hokin/video-reason-experiments/data/outputs/hunyuan-video-i2v/multi_object_placement_task/multi_object_placement_0009/question/
     ✅ Success! Structured output saved to: N/A
      ✅ Completed successfully
    [11/50] Processing: multi_object_placement_0010

  🎬 Generating: multi_object_placement_0010 with hunyuan-video-i2v
     Image: /u/yli8/hokin/video-reason-experiments/data/questions/G-5_multi_object_placement_data-generator/multi_object_placement_task/multi_object_placement_0010/first_frame.png
     Prompt: The scene contains multiple colored objects and star markers. Keep all star mark...
Warning: HunyuanVideo requires 60-80GB GPU memory for 720p generation

✅ Inference complete! Output saved to: /u/yli8/hokin/video-reason-experiments/data/outputs/hunyuan-video-i2v/multi_object_placement_task/multi_object_placement_0010
   - Generated: /u/yli8/hokin/video-reason-experiments/data/outputs/hunyuan-video-i2v/multi_object_placement_task/multi_object_placement_0010/video/video.mp4
   - Question: /u/yli8/hokin/video-reason-experiments/data/outputs/hunyuan-video-i2v/multi_object_placement_task/multi_object_placement_0010/question/
     ✅ Success! Structured output saved to: N/A
      ✅ Completed successfully
    [12/50] Processing: multi_object_placement_0011

  🎬 Generating: multi_object_placement_0011 with hunyuan-video-i2v
     Image: /u/yli8/hokin/video-reason-experiments/data/questions/G-5_multi_object_placement_data-generator/multi_object_placement_task/multi_object_placement_0011/first_frame.png
     Prompt: The scene contains multiple colored objects and star markers. Keep all star mark...
Warning: HunyuanVideo requires 60-80GB GPU memory for 720p generation

✅ Inference complete! Output saved to: /u/yli8/hokin/video-reason-experiments/data/outputs/hunyuan-video-i2v/multi_object_placement_task/multi_object_placement_0011
   - Generated: /u/yli8/hokin/video-reason-experiments/data/outputs/hunyuan-video-i2v/multi_object_placement_task/multi_object_placement_0011/video/video.mp4
   - Question: /u/yli8/hokin/video-reason-experiments/data/outputs/hunyuan-video-i2v/multi_object_placement_task/multi_object_placement_0011/question/
     ✅ Success! Structured output saved to: N/A
      ✅ Completed successfully
    [13/50] Processing: multi_object_placement_0012

  🎬 Generating: multi_object_placement_0012 with hunyuan-video-i2v
     Image: /u/yli8/hokin/video-reason-experiments/data/questions/G-5_multi_object_placement_data-generator/multi_object_placement_task/multi_object_placement_0012/first_frame.png
     Prompt: The scene contains multiple colored objects and star markers. Keep all star mark...
Warning: HunyuanVideo requires 60-80GB GPU memory for 720p generation

✅ Inference complete! Output saved to: /u/yli8/hokin/video-reason-experiments/data/outputs/hunyuan-video-i2v/multi_object_placement_task/multi_object_placement_0012
   - Generated: /u/yli8/hokin/video-reason-experiments/data/outputs/hunyuan-video-i2v/multi_object_placement_task/multi_object_placement_0012/video/video.mp4
   - Question: /u/yli8/hokin/video-reason-experiments/data/outputs/hunyuan-video-i2v/multi_object_placement_task/multi_object_placement_0012/question/
     ✅ Success! Structured output saved to: N/A
      ✅ Completed successfully
    [14/50] Processing: multi_object_placement_0013

  🎬 Generating: multi_object_placement_0013 with hunyuan-video-i2v
     Image: /u/yli8/hokin/video-reason-experiments/data/questions/G-5_multi_object_placement_data-generator/multi_object_placement_task/multi_object_placement_0013/first_frame.png
     Prompt: The scene contains multiple colored objects and star markers. Keep all star mark...
Warning: HunyuanVideo requires 60-80GB GPU memory for 720p generation

✅ Inference complete! Output saved to: /u/yli8/hokin/video-reason-experiments/data/outputs/hunyuan-video-i2v/multi_object_placement_task/multi_object_placement_0013
   - Generated: /u/yli8/hokin/video-reason-experiments/data/outputs/hunyuan-video-i2v/multi_object_placement_task/multi_object_placement_0013/video/video.mp4
   - Question: /u/yli8/hokin/video-reason-experiments/data/outputs/hunyuan-video-i2v/multi_object_placement_task/multi_object_placement_0013/question/
     ✅ Success! Structured output saved to: N/A
      ✅ Completed successfully
    [15/50] Processing: multi_object_placement_0014

  🎬 Generating: multi_object_placement_0014 with hunyuan-video-i2v
     Image: /u/yli8/hokin/video-reason-experiments/data/questions/G-5_multi_object_placement_data-generator/multi_object_placement_task/multi_object_placement_0014/first_frame.png
     Prompt: The scene contains multiple colored objects and star markers. Keep all star mark...
Warning: HunyuanVideo requires 60-80GB GPU memory for 720p generation

✅ Inference complete! Output saved to: /u/yli8/hokin/video-reason-experiments/data/outputs/hunyuan-video-i2v/multi_object_placement_task/multi_object_placement_0014
   - Generated: /u/yli8/hokin/video-reason-experiments/data/outputs/hunyuan-video-i2v/multi_object_placement_task/multi_object_placement_0014/video/video.mp4
   - Question: /u/yli8/hokin/video-reason-experiments/data/outputs/hunyuan-video-i2v/multi_object_placement_task/multi_object_placement_0014/question/
     ✅ Success! Structured output saved to: N/A
      ✅ Completed successfully
    [16/50] Processing: multi_object_placement_0015

  🎬 Generating: multi_object_placement_0015 with hunyuan-video-i2v
     Image: /u/yli8/hokin/video-reason-experiments/data/questions/G-5_multi_object_placement_data-generator/multi_object_placement_task/multi_object_placement_0015/first_frame.png
     Prompt: The scene contains multiple colored objects and star markers. Keep all star mark...
Warning: HunyuanVideo requires 60-80GB GPU memory for 720p generation

✅ Inference complete! Output saved to: /u/yli8/hokin/video-reason-experiments/data/outputs/hunyuan-video-i2v/multi_object_placement_task/multi_object_placement_0015
   - Generated: /u/yli8/hokin/video-reason-experiments/data/outputs/hunyuan-video-i2v/multi_object_placement_task/multi_object_placement_0015/video/video.mp4
   - Question: /u/yli8/hokin/video-reason-experiments/data/outputs/hunyuan-video-i2v/multi_object_placement_task/multi_object_placement_0015/question/
     ✅ Success! Structured output saved to: N/A
      ✅ Completed successfully
    [17/50] Processing: multi_object_placement_0016

  🎬 Generating: multi_object_placement_0016 with hunyuan-video-i2v
     Image: /u/yli8/hokin/video-reason-experiments/data/questions/G-5_multi_object_placement_data-generator/multi_object_placement_task/multi_object_placement_0016/first_frame.png
     Prompt: The scene contains multiple colored objects and star markers. Keep all star mark...
Warning: HunyuanVideo requires 60-80GB GPU memory for 720p generation

✅ Inference complete! Output saved to: /u/yli8/hokin/video-reason-experiments/data/outputs/hunyuan-video-i2v/multi_object_placement_task/multi_object_placement_0016
   - Generated: /u/yli8/hokin/video-reason-experiments/data/outputs/hunyuan-video-i2v/multi_object_placement_task/multi_object_placement_0016/video/video.mp4
   - Question: /u/yli8/hokin/video-reason-experiments/data/outputs/hunyuan-video-i2v/multi_object_placement_task/multi_object_placement_0016/question/
     ✅ Success! Structured output saved to: N/A
      ✅ Completed successfully
    [18/50] Processing: multi_object_placement_0017

  🎬 Generating: multi_object_placement_0017 with hunyuan-video-i2v
     Image: /u/yli8/hokin/video-reason-experiments/data/questions/G-5_multi_object_placement_data-generator/multi_object_placement_task/multi_object_placement_0017/first_frame.png
     Prompt: The scene contains multiple colored objects and star markers. Keep all star mark...
Warning: HunyuanVideo requires 60-80GB GPU memory for 720p generation

✅ Inference complete! Output saved to: /u/yli8/hokin/video-reason-experiments/data/outputs/hunyuan-video-i2v/multi_object_placement_task/multi_object_placement_0017
   - Generated: /u/yli8/hokin/video-reason-experiments/data/outputs/hunyuan-video-i2v/multi_object_placement_task/multi_object_placement_0017/video/video.mp4
   - Question: /u/yli8/hokin/video-reason-experiments/data/outputs/hunyuan-video-i2v/multi_object_placement_task/multi_object_placement_0017/question/
     ✅ Success! Structured output saved to: N/A
      ✅ Completed successfully
    [19/50] Processing: multi_object_placement_0018

  🎬 Generating: multi_object_placement_0018 with hunyuan-video-i2v
     Image: /u/yli8/hokin/video-reason-experiments/data/questions/G-5_multi_object_placement_data-generator/multi_object_placement_task/multi_object_placement_0018/first_frame.png
     Prompt: The scene contains multiple colored objects and star markers. Keep all star mark...
Warning: HunyuanVideo requires 60-80GB GPU memory for 720p generation

✅ Inference complete! Output saved to: /u/yli8/hokin/video-reason-experiments/data/outputs/hunyuan-video-i2v/multi_object_placement_task/multi_object_placement_0018
   - Generated: /u/yli8/hokin/video-reason-experiments/data/outputs/hunyuan-video-i2v/multi_object_placement_task/multi_object_placement_0018/video/video.mp4
   - Question: /u/yli8/hokin/video-reason-experiments/data/outputs/hunyuan-video-i2v/multi_object_placement_task/multi_object_placement_0018/question/
     ✅ Success! Structured output saved to: N/A
      ✅ Completed successfully
    [20/50] Processing: multi_object_placement_0019

  🎬 Generating: multi_object_placement_0019 with hunyuan-video-i2v
     Image: /u/yli8/hokin/video-reason-experiments/data/questions/G-5_multi_object_placement_data-generator/multi_object_placement_task/multi_object_placement_0019/first_frame.png
     Prompt: The scene contains multiple colored objects and star markers. Keep all star mark...
Warning: HunyuanVideo requires 60-80GB GPU memory for 720p generation

✅ Inference complete! Output saved to: /u/yli8/hokin/video-reason-experiments/data/outputs/hunyuan-video-i2v/multi_object_placement_task/multi_object_placement_0019
   - Generated: /u/yli8/hokin/video-reason-experiments/data/outputs/hunyuan-video-i2v/multi_object_placement_task/multi_object_placement_0019/video/video.mp4
   - Question: /u/yli8/hokin/video-reason-experiments/data/outputs/hunyuan-video-i2v/multi_object_placement_task/multi_object_placement_0019/question/
     ✅ Success! Structured output saved to: N/A
      ✅ Completed successfully
    [21/50] Processing: multi_object_placement_0020

  🎬 Generating: multi_object_placement_0020 with hunyuan-video-i2v
     Image: /u/yli8/hokin/video-reason-experiments/data/questions/G-5_multi_object_placement_data-generator/multi_object_placement_task/multi_object_placement_0020/first_frame.png
     Prompt: The scene contains multiple colored objects and star markers. Keep all star mark...
Warning: HunyuanVideo requires 60-80GB GPU memory for 720p generation

✅ Inference complete! Output saved to: /u/yli8/hokin/video-reason-experiments/data/outputs/hunyuan-video-i2v/multi_object_placement_task/multi_object_placement_0020
   - Generated: /u/yli8/hokin/video-reason-experiments/data/outputs/hunyuan-video-i2v/multi_object_placement_task/multi_object_placement_0020/video/video.mp4
   - Question: /u/yli8/hokin/video-reason-experiments/data/outputs/hunyuan-video-i2v/multi_object_placement_task/multi_object_placement_0020/question/
     ✅ Success! Structured output saved to: N/A
      ✅ Completed successfully
    [22/50] Processing: multi_object_placement_0021

  🎬 Generating: multi_object_placement_0021 with hunyuan-video-i2v
     Image: /u/yli8/hokin/video-reason-experiments/data/questions/G-5_multi_object_placement_data-generator/multi_object_placement_task/multi_object_placement_0021/first_frame.png
     Prompt: The scene contains multiple colored objects and star markers. Keep all star mark...
Warning: HunyuanVideo requires 60-80GB GPU memory for 720p generation

✅ Inference complete! Output saved to: /u/yli8/hokin/video-reason-experiments/data/outputs/hunyuan-video-i2v/multi_object_placement_task/multi_object_placement_0021
   - Generated: /u/yli8/hokin/video-reason-experiments/data/outputs/hunyuan-video-i2v/multi_object_placement_task/multi_object_placement_0021/video/video.mp4
   - Question: /u/yli8/hokin/video-reason-experiments/data/outputs/hunyuan-video-i2v/multi_object_placement_task/multi_object_placement_0021/question/
     ✅ Success! Structured output saved to: N/A
      ✅ Completed successfully
    [23/50] Processing: multi_object_placement_0022

  🎬 Generating: multi_object_placement_0022 with hunyuan-video-i2v
     Image: /u/yli8/hokin/video-reason-experiments/data/questions/G-5_multi_object_placement_data-generator/multi_object_placement_task/multi_object_placement_0022/first_frame.png
     Prompt: The scene contains multiple colored objects and star markers. Keep all star mark...
Warning: HunyuanVideo requires 60-80GB GPU memory for 720p generation

✅ Inference complete! Output saved to: /u/yli8/hokin/video-reason-experiments/data/outputs/hunyuan-video-i2v/multi_object_placement_task/multi_object_placement_0022
   - Generated: /u/yli8/hokin/video-reason-experiments/data/outputs/hunyuan-video-i2v/multi_object_placement_task/multi_object_placement_0022/video/video.mp4
   - Question: /u/yli8/hokin/video-reason-experiments/data/outputs/hunyuan-video-i2v/multi_object_placement_task/multi_object_placement_0022/question/
     ✅ Success! Structured output saved to: N/A
      ✅ Completed successfully
    [24/50] Processing: multi_object_placement_0023

  🎬 Generating: multi_object_placement_0023 with hunyuan-video-i2v
     Image: /u/yli8/hokin/video-reason-experiments/data/questions/G-5_multi_object_placement_data-generator/multi_object_placement_task/multi_object_placement_0023/first_frame.png
     Prompt: The scene contains multiple colored objects and star markers. Keep all star mark...
Warning: HunyuanVideo requires 60-80GB GPU memory for 720p generation

✅ Inference complete! Output saved to: /u/yli8/hokin/video-reason-experiments/data/outputs/hunyuan-video-i2v/multi_object_placement_task/multi_object_placement_0023
   - Generated: /u/yli8/hokin/video-reason-experiments/data/outputs/hunyuan-video-i2v/multi_object_placement_task/multi_object_placement_0023/video/video.mp4
   - Question: /u/yli8/hokin/video-reason-experiments/data/outputs/hunyuan-video-i2v/multi_object_placement_task/multi_object_placement_0023/question/
     ✅ Success! Structured output saved to: N/A
      ✅ Completed successfully
    [25/50] Processing: multi_object_placement_0024

  🎬 Generating: multi_object_placement_0024 with hunyuan-video-i2v
     Image: /u/yli8/hokin/video-reason-experiments/data/questions/G-5_multi_object_placement_data-generator/multi_object_placement_task/multi_object_placement_0024/first_frame.png
     Prompt: The scene contains multiple colored objects and star markers. Keep all star mark...
Warning: HunyuanVideo requires 60-80GB GPU memory for 720p generation

✅ Inference complete! Output saved to: /u/yli8/hokin/video-reason-experiments/data/outputs/hunyuan-video-i2v/multi_object_placement_task/multi_object_placement_0024
   - Generated: /u/yli8/hokin/video-reason-experiments/data/outputs/hunyuan-video-i2v/multi_object_placement_task/multi_object_placement_0024/video/video.mp4
   - Question: /u/yli8/hokin/video-reason-experiments/data/outputs/hunyuan-video-i2v/multi_object_placement_task/multi_object_placement_0024/question/
     ✅ Success! Structured output saved to: N/A
      ✅ Completed successfully
    [26/50] Processing: multi_object_placement_0025

  🎬 Generating: multi_object_placement_0025 with hunyuan-video-i2v
     Image: /u/yli8/hokin/video-reason-experiments/data/questions/G-5_multi_object_placement_data-generator/multi_object_placement_task/multi_object_placement_0025/first_frame.png
     Prompt: The scene contains multiple colored objects and star markers. Keep all star mark...
Warning: HunyuanVideo requires 60-80GB GPU memory for 720p generation

✅ Inference complete! Output saved to: /u/yli8/hokin/video-reason-experiments/data/outputs/hunyuan-video-i2v/multi_object_placement_task/multi_object_placement_0025
   - Generated: /u/yli8/hokin/video-reason-experiments/data/outputs/hunyuan-video-i2v/multi_object_placement_task/multi_object_placement_0025/video/video.mp4
   - Question: /u/yli8/hokin/video-reason-experiments/data/outputs/hunyuan-video-i2v/multi_object_placement_task/multi_object_placement_0025/question/
     ✅ Success! Structured output saved to: N/A
      ✅ Completed successfully
    [27/50] Processing: multi_object_placement_0026

  🎬 Generating: multi_object_placement_0026 with hunyuan-video-i2v
     Image: /u/yli8/hokin/video-reason-experiments/data/questions/G-5_multi_object_placement_data-generator/multi_object_placement_task/multi_object_placement_0026/first_frame.png
     Prompt: The scene contains multiple colored objects and star markers. Keep all star mark...
Warning: HunyuanVideo requires 60-80GB GPU memory for 720p generation

✅ Inference complete! Output saved to: /u/yli8/hokin/video-reason-experiments/data/outputs/hunyuan-video-i2v/multi_object_placement_task/multi_object_placement_0026
   - Generated: /u/yli8/hokin/video-reason-experiments/data/outputs/hunyuan-video-i2v/multi_object_placement_task/multi_object_placement_0026/video/video.mp4
   - Question: /u/yli8/hokin/video-reason-experiments/data/outputs/hunyuan-video-i2v/multi_object_placement_task/multi_object_placement_0026/question/
     ✅ Success! Structured output saved to: N/A
      ✅ Completed successfully
    [28/50] Processing: multi_object_placement_0027

  🎬 Generating: multi_object_placement_0027 with hunyuan-video-i2v
     Image: /u/yli8/hokin/video-reason-experiments/data/questions/G-5_multi_object_placement_data-generator/multi_object_placement_task/multi_object_placement_0027/first_frame.png
     Prompt: The scene contains multiple colored objects and star markers. Keep all star mark...
Warning: HunyuanVideo requires 60-80GB GPU memory for 720p generation

✅ Inference complete! Output saved to: /u/yli8/hokin/video-reason-experiments/data/outputs/hunyuan-video-i2v/multi_object_placement_task/multi_object_placement_0027
   - Generated: /u/yli8/hokin/video-reason-experiments/data/outputs/hunyuan-video-i2v/multi_object_placement_task/multi_object_placement_0027/video/video.mp4
   - Question: /u/yli8/hokin/video-reason-experiments/data/outputs/hunyuan-video-i2v/multi_object_placement_task/multi_object_placement_0027/question/
     ✅ Success! Structured output saved to: N/A
      ✅ Completed successfully
    [29/50] Processing: multi_object_placement_0028

  🎬 Generating: multi_object_placement_0028 with hunyuan-video-i2v
     Image: /u/yli8/hokin/video-reason-experiments/data/questions/G-5_multi_object_placement_data-generator/multi_object_placement_task/multi_object_placement_0028/first_frame.png
     Prompt: The scene contains multiple colored objects and star markers. Keep all star mark...
Warning: HunyuanVideo requires 60-80GB GPU memory for 720p generation

✅ Inference complete! Output saved to: /u/yli8/hokin/video-reason-experiments/data/outputs/hunyuan-video-i2v/multi_object_placement_task/multi_object_placement_0028
   - Generated: /u/yli8/hokin/video-reason-experiments/data/outputs/hunyuan-video-i2v/multi_object_placement_task/multi_object_placement_0028/video/video.mp4
   - Question: /u/yli8/hokin/video-reason-experiments/data/outputs/hunyuan-video-i2v/multi_object_placement_task/multi_object_placement_0028/question/
     ✅ Success! Structured output saved to: N/A
      ✅ Completed successfully
    [30/50] Processing: multi_object_placement_0029

  🎬 Generating: multi_object_placement_0029 with hunyuan-video-i2v
     Image: /u/yli8/hokin/video-reason-experiments/data/questions/G-5_multi_object_placement_data-generator/multi_object_placement_task/multi_object_placement_0029/first_frame.png
     Prompt: The scene contains multiple colored objects and star markers. Keep all star mark...
Warning: HunyuanVideo requires 60-80GB GPU memory for 720p generation

✅ Inference complete! Output saved to: /u/yli8/hokin/video-reason-experiments/data/outputs/hunyuan-video-i2v/multi_object_placement_task/multi_object_placement_0029
   - Generated: /u/yli8/hokin/video-reason-experiments/data/outputs/hunyuan-video-i2v/multi_object_placement_task/multi_object_placement_0029/video/video.mp4
   - Question: /u/yli8/hokin/video-reason-experiments/data/outputs/hunyuan-video-i2v/multi_object_placement_task/multi_object_placement_0029/question/
     ✅ Success! Structured output saved to: N/A
      ✅ Completed successfully
    [31/50] Processing: multi_object_placement_0030

  🎬 Generating: multi_object_placement_0030 with hunyuan-video-i2v
     Image: /u/yli8/hokin/video-reason-experiments/data/questions/G-5_multi_object_placement_data-generator/multi_object_placement_task/multi_object_placement_0030/first_frame.png
     Prompt: The scene contains multiple colored objects and star markers. Keep all star mark...
Warning: HunyuanVideo requires 60-80GB GPU memory for 720p generation

✅ Inference complete! Output saved to: /u/yli8/hokin/video-reason-experiments/data/outputs/hunyuan-video-i2v/multi_object_placement_task/multi_object_placement_0030
   - Generated: /u/yli8/hokin/video-reason-experiments/data/outputs/hunyuan-video-i2v/multi_object_placement_task/multi_object_placement_0030/video/video.mp4
   - Question: /u/yli8/hokin/video-reason-experiments/data/outputs/hunyuan-video-i2v/multi_object_placement_task/multi_object_placement_0030/question/
     ✅ Success! Structured output saved to: N/A
      ✅ Completed successfully
    [32/50] Processing: multi_object_placement_0031

  🎬 Generating: multi_object_placement_0031 with hunyuan-video-i2v
     Image: /u/yli8/hokin/video-reason-experiments/data/questions/G-5_multi_object_placement_data-generator/multi_object_placement_task/multi_object_placement_0031/first_frame.png
     Prompt: The scene contains multiple colored objects and star markers. Keep all star mark...
Warning: HunyuanVideo requires 60-80GB GPU memory for 720p generation

✅ Inference complete! Output saved to: /u/yli8/hokin/video-reason-experiments/data/outputs/hunyuan-video-i2v/multi_object_placement_task/multi_object_placement_0031
   - Generated: /u/yli8/hokin/video-reason-experiments/data/outputs/hunyuan-video-i2v/multi_object_placement_task/multi_object_placement_0031/video/video.mp4
   - Question: /u/yli8/hokin/video-reason-experiments/data/outputs/hunyuan-video-i2v/multi_object_placement_task/multi_object_placement_0031/question/
     ✅ Success! Structured output saved to: N/A
      ✅ Completed successfully
    [33/50] Processing: multi_object_placement_0032

  🎬 Generating: multi_object_placement_0032 with hunyuan-video-i2v
     Image: /u/yli8/hokin/video-reason-experiments/data/questions/G-5_multi_object_placement_data-generator/multi_object_placement_task/multi_object_placement_0032/first_frame.png
     Prompt: The scene contains multiple colored objects and star markers. Keep all star mark...
Warning: HunyuanVideo requires 60-80GB GPU memory for 720p generation

✅ Inference complete! Output saved to: /u/yli8/hokin/video-reason-experiments/data/outputs/hunyuan-video-i2v/multi_object_placement_task/multi_object_placement_0032
   - Generated: /u/yli8/hokin/video-reason-experiments/data/outputs/hunyuan-video-i2v/multi_object_placement_task/multi_object_placement_0032/video/video.mp4
   - Question: /u/yli8/hokin/video-reason-experiments/data/outputs/hunyuan-video-i2v/multi_object_placement_task/multi_object_placement_0032/question/
     ✅ Success! Structured output saved to: N/A
      ✅ Completed successfully
    [34/50] Processing: multi_object_placement_0033

  🎬 Generating: multi_object_placement_0033 with hunyuan-video-i2v
     Image: /u/yli8/hokin/video-reason-experiments/data/questions/G-5_multi_object_placement_data-generator/multi_object_placement_task/multi_object_placement_0033/first_frame.png
     Prompt: The scene contains multiple colored objects and star markers. Keep all star mark...
Warning: HunyuanVideo requires 60-80GB GPU memory for 720p generation

✅ Inference complete! Output saved to: /u/yli8/hokin/video-reason-experiments/data/outputs/hunyuan-video-i2v/multi_object_placement_task/multi_object_placement_0033
   - Generated: /u/yli8/hokin/video-reason-experiments/data/outputs/hunyuan-video-i2v/multi_object_placement_task/multi_object_placement_0033/video/video.mp4
   - Question: /u/yli8/hokin/video-reason-experiments/data/outputs/hunyuan-video-i2v/multi_object_placement_task/multi_object_placement_0033/question/
     ✅ Success! Structured output saved to: N/A
      ✅ Completed successfully
    [35/50] Processing: multi_object_placement_0034

  🎬 Generating: multi_object_placement_0034 with hunyuan-video-i2v
     Image: /u/yli8/hokin/video-reason-experiments/data/questions/G-5_multi_object_placement_data-generator/multi_object_placement_task/multi_object_placement_0034/first_frame.png
     Prompt: The scene contains multiple colored objects and star markers. Keep all star mark...
Warning: HunyuanVideo requires 60-80GB GPU memory for 720p generation

✅ Inference complete! Output saved to: /u/yli8/hokin/video-reason-experiments/data/outputs/hunyuan-video-i2v/multi_object_placement_task/multi_object_placement_0034
   - Generated: /u/yli8/hokin/video-reason-experiments/data/outputs/hunyuan-video-i2v/multi_object_placement_task/multi_object_placement_0034/video/video.mp4
   - Question: /u/yli8/hokin/video-reason-experiments/data/outputs/hunyuan-video-i2v/multi_object_placement_task/multi_object_placement_0034/question/
     ✅ Success! Structured output saved to: N/A
      ✅ Completed successfully
    [36/50] Processing: multi_object_placement_0035

  🎬 Generating: multi_object_placement_0035 with hunyuan-video-i2v
     Image: /u/yli8/hokin/video-reason-experiments/data/questions/G-5_multi_object_placement_data-generator/multi_object_placement_task/multi_object_placement_0035/first_frame.png
     Prompt: The scene contains multiple colored objects and star markers. Keep all star mark...
Warning: HunyuanVideo requires 60-80GB GPU memory for 720p generation

✅ Inference complete! Output saved to: /u/yli8/hokin/video-reason-experiments/data/outputs/hunyuan-video-i2v/multi_object_placement_task/multi_object_placement_0035
   - Generated: /u/yli8/hokin/video-reason-experiments/data/outputs/hunyuan-video-i2v/multi_object_placement_task/multi_object_placement_0035/video/video.mp4
   - Question: /u/yli8/hokin/video-reason-experiments/data/outputs/hunyuan-video-i2v/multi_object_placement_task/multi_object_placement_0035/question/
     ✅ Success! Structured output saved to: N/A
      ✅ Completed successfully
    [37/50] Processing: multi_object_placement_0036

  🎬 Generating: multi_object_placement_0036 with hunyuan-video-i2v
     Image: /u/yli8/hokin/video-reason-experiments/data/questions/G-5_multi_object_placement_data-generator/multi_object_placement_task/multi_object_placement_0036/first_frame.png
     Prompt: The scene contains multiple colored objects and star markers. Keep all star mark...
Warning: HunyuanVideo requires 60-80GB GPU memory for 720p generation

✅ Inference complete! Output saved to: /u/yli8/hokin/video-reason-experiments/data/outputs/hunyuan-video-i2v/multi_object_placement_task/multi_object_placement_0036
   - Generated: /u/yli8/hokin/video-reason-experiments/data/outputs/hunyuan-video-i2v/multi_object_placement_task/multi_object_placement_0036/video/video.mp4
   - Question: /u/yli8/hokin/video-reason-experiments/data/outputs/hunyuan-video-i2v/multi_object_placement_task/multi_object_placement_0036/question/
     ✅ Success! Structured output saved to: N/A
      ✅ Completed successfully
    [38/50] Processing: multi_object_placement_0037

  🎬 Generating: multi_object_placement_0037 with hunyuan-video-i2v
     Image: /u/yli8/hokin/video-reason-experiments/data/questions/G-5_multi_object_placement_data-generator/multi_object_placement_task/multi_object_placement_0037/first_frame.png
     Prompt: The scene contains multiple colored objects and star markers. Keep all star mark...
Warning: HunyuanVideo requires 60-80GB GPU memory for 720p generation

✅ Inference complete! Output saved to: /u/yli8/hokin/video-reason-experiments/data/outputs/hunyuan-video-i2v/multi_object_placement_task/multi_object_placement_0037
   - Generated: /u/yli8/hokin/video-reason-experiments/data/outputs/hunyuan-video-i2v/multi_object_placement_task/multi_object_placement_0037/video/video.mp4
   - Question: /u/yli8/hokin/video-reason-experiments/data/outputs/hunyuan-video-i2v/multi_object_placement_task/multi_object_placement_0037/question/
     ✅ Success! Structured output saved to: N/A
      ✅ Completed successfully
    [39/50] Processing: multi_object_placement_0038

  🎬 Generating: multi_object_placement_0038 with hunyuan-video-i2v
     Image: /u/yli8/hokin/video-reason-experiments/data/questions/G-5_multi_object_placement_data-generator/multi_object_placement_task/multi_object_placement_0038/first_frame.png
     Prompt: The scene contains multiple colored objects and star markers. Keep all star mark...
Warning: HunyuanVideo requires 60-80GB GPU memory for 720p generation

✅ Inference complete! Output saved to: /u/yli8/hokin/video-reason-experiments/data/outputs/hunyuan-video-i2v/multi_object_placement_task/multi_object_placement_0038
   - Generated: /u/yli8/hokin/video-reason-experiments/data/outputs/hunyuan-video-i2v/multi_object_placement_task/multi_object_placement_0038/video/video.mp4
   - Question: /u/yli8/hokin/video-reason-experiments/data/outputs/hunyuan-video-i2v/multi_object_placement_task/multi_object_placement_0038/question/
     ✅ Success! Structured output saved to: N/A
      ✅ Completed successfully
    [40/50] Processing: multi_object_placement_0039

  🎬 Generating: multi_object_placement_0039 with hunyuan-video-i2v
     Image: /u/yli8/hokin/video-reason-experiments/data/questions/G-5_multi_object_placement_data-generator/multi_object_placement_task/multi_object_placement_0039/first_frame.png
     Prompt: The scene contains multiple colored objects and star markers. Keep all star mark...
Warning: HunyuanVideo requires 60-80GB GPU memory for 720p generation

✅ Inference complete! Output saved to: /u/yli8/hokin/video-reason-experiments/data/outputs/hunyuan-video-i2v/multi_object_placement_task/multi_object_placement_0039
   - Generated: /u/yli8/hokin/video-reason-experiments/data/outputs/hunyuan-video-i2v/multi_object_placement_task/multi_object_placement_0039/video/video.mp4
   - Question: /u/yli8/hokin/video-reason-experiments/data/outputs/hunyuan-video-i2v/multi_object_placement_task/multi_object_placement_0039/question/
     ✅ Success! Structured output saved to: N/A
      ✅ Completed successfully
    [41/50] Processing: multi_object_placement_0040

  🎬 Generating: multi_object_placement_0040 with hunyuan-video-i2v
     Image: /u/yli8/hokin/video-reason-experiments/data/questions/G-5_multi_object_placement_data-generator/multi_object_placement_task/multi_object_placement_0040/first_frame.png
     Prompt: The scene contains multiple colored objects and star markers. Keep all star mark...
Warning: HunyuanVideo requires 60-80GB GPU memory for 720p generation

✅ Inference complete! Output saved to: /u/yli8/hokin/video-reason-experiments/data/outputs/hunyuan-video-i2v/multi_object_placement_task/multi_object_placement_0040
   - Generated: /u/yli8/hokin/video-reason-experiments/data/outputs/hunyuan-video-i2v/multi_object_placement_task/multi_object_placement_0040/video/video.mp4
   - Question: /u/yli8/hokin/video-reason-experiments/data/outputs/hunyuan-video-i2v/multi_object_placement_task/multi_object_placement_0040/question/
     ✅ Success! Structured output saved to: N/A
      ✅ Completed successfully
    [42/50] Processing: multi_object_placement_0041

  🎬 Generating: multi_object_placement_0041 with hunyuan-video-i2v
     Image: /u/yli8/hokin/video-reason-experiments/data/questions/G-5_multi_object_placement_data-generator/multi_object_placement_task/multi_object_placement_0041/first_frame.png
     Prompt: The scene contains multiple colored objects and star markers. Keep all star mark...
Warning: HunyuanVideo requires 60-80GB GPU memory for 720p generation

✅ Inference complete! Output saved to: /u/yli8/hokin/video-reason-experiments/data/outputs/hunyuan-video-i2v/multi_object_placement_task/multi_object_placement_0041
   - Generated: /u/yli8/hokin/video-reason-experiments/data/outputs/hunyuan-video-i2v/multi_object_placement_task/multi_object_placement_0041/video/video.mp4
   - Question: /u/yli8/hokin/video-reason-experiments/data/outputs/hunyuan-video-i2v/multi_object_placement_task/multi_object_placement_0041/question/
     ✅ Success! Structured output saved to: N/A
      ✅ Completed successfully
    [43/50] Processing: multi_object_placement_0042

  🎬 Generating: multi_object_placement_0042 with hunyuan-video-i2v
     Image: /u/yli8/hokin/video-reason-experiments/data/questions/G-5_multi_object_placement_data-generator/multi_object_placement_task/multi_object_placement_0042/first_frame.png
     Prompt: The scene contains multiple colored objects and star markers. Keep all star mark...
Warning: HunyuanVideo requires 60-80GB GPU memory for 720p generation

✅ Inference complete! Output saved to: /u/yli8/hokin/video-reason-experiments/data/outputs/hunyuan-video-i2v/multi_object_placement_task/multi_object_placement_0042
   - Generated: /u/yli8/hokin/video-reason-experiments/data/outputs/hunyuan-video-i2v/multi_object_placement_task/multi_object_placement_0042/video/video.mp4
   - Question: /u/yli8/hokin/video-reason-experiments/data/outputs/hunyuan-video-i2v/multi_object_placement_task/multi_object_placement_0042/question/
     ✅ Success! Structured output saved to: N/A
      ✅ Completed successfully
    [44/50] Processing: multi_object_placement_0043

  🎬 Generating: multi_object_placement_0043 with hunyuan-video-i2v
     Image: /u/yli8/hokin/video-reason-experiments/data/questions/G-5_multi_object_placement_data-generator/multi_object_placement_task/multi_object_placement_0043/first_frame.png
     Prompt: The scene contains multiple colored objects and star markers. Keep all star mark...
Warning: HunyuanVideo requires 60-80GB GPU memory for 720p generation

✅ Inference complete! Output saved to: /u/yli8/hokin/video-reason-experiments/data/outputs/hunyuan-video-i2v/multi_object_placement_task/multi_object_placement_0043
   - Generated: /u/yli8/hokin/video-reason-experiments/data/outputs/hunyuan-video-i2v/multi_object_placement_task/multi_object_placement_0043/video/video.mp4
   - Question: /u/yli8/hokin/video-reason-experiments/data/outputs/hunyuan-video-i2v/multi_object_placement_task/multi_object_placement_0043/question/
     ✅ Success! Structured output saved to: N/A
      ✅ Completed successfully
    [45/50] Processing: multi_object_placement_0044

  🎬 Generating: multi_object_placement_0044 with hunyuan-video-i2v
     Image: /u/yli8/hokin/video-reason-experiments/data/questions/G-5_multi_object_placement_data-generator/multi_object_placement_task/multi_object_placement_0044/first_frame.png
     Prompt: The scene contains multiple colored objects and star markers. Keep all star mark...
Warning: HunyuanVideo requires 60-80GB GPU memory for 720p generation

✅ Inference complete! Output saved to: /u/yli8/hokin/video-reason-experiments/data/outputs/hunyuan-video-i2v/multi_object_placement_task/multi_object_placement_0044
   - Generated: /u/yli8/hokin/video-reason-experiments/data/outputs/hunyuan-video-i2v/multi_object_placement_task/multi_object_placement_0044/video/video.mp4
   - Question: /u/yli8/hokin/video-reason-experiments/data/outputs/hunyuan-video-i2v/multi_object_placement_task/multi_object_placement_0044/question/
     ✅ Success! Structured output saved to: N/A
      ✅ Completed successfully
    [46/50] Processing: multi_object_placement_0045

  🎬 Generating: multi_object_placement_0045 with hunyuan-video-i2v
     Image: /u/yli8/hokin/video-reason-experiments/data/questions/G-5_multi_object_placement_data-generator/multi_object_placement_task/multi_object_placement_0045/first_frame.png
     Prompt: The scene contains multiple colored objects and star markers. Keep all star mark...
Warning: HunyuanVideo requires 60-80GB GPU memory for 720p generation

✅ Inference complete! Output saved to: /u/yli8/hokin/video-reason-experiments/data/outputs/hunyuan-video-i2v/multi_object_placement_task/multi_object_placement_0045
   - Generated: /u/yli8/hokin/video-reason-experiments/data/outputs/hunyuan-video-i2v/multi_object_placement_task/multi_object_placement_0045/video/video.mp4
   - Question: /u/yli8/hokin/video-reason-experiments/data/outputs/hunyuan-video-i2v/multi_object_placement_task/multi_object_placement_0045/question/
     ✅ Success! Structured output saved to: N/A
      ✅ Completed successfully
    [47/50] Processing: multi_object_placement_0046

  🎬 Generating: multi_object_placement_0046 with hunyuan-video-i2v
     Image: /u/yli8/hokin/video-reason-experiments/data/questions/G-5_multi_object_placement_data-generator/multi_object_placement_task/multi_object_placement_0046/first_frame.png
     Prompt: The scene contains multiple colored objects and star markers. Keep all star mark...
Warning: HunyuanVideo requires 60-80GB GPU memory for 720p generation

✅ Inference complete! Output saved to: /u/yli8/hokin/video-reason-experiments/data/outputs/hunyuan-video-i2v/multi_object_placement_task/multi_object_placement_0046
   - Generated: /u/yli8/hokin/video-reason-experiments/data/outputs/hunyuan-video-i2v/multi_object_placement_task/multi_object_placement_0046/video/video.mp4
   - Question: /u/yli8/hokin/video-reason-experiments/data/outputs/hunyuan-video-i2v/multi_object_placement_task/multi_object_placement_0046/question/
     ✅ Success! Structured output saved to: N/A
      ✅ Completed successfully
    [48/50] Processing: multi_object_placement_0047

  🎬 Generating: multi_object_placement_0047 with hunyuan-video-i2v
     Image: /u/yli8/hokin/video-reason-experiments/data/questions/G-5_multi_object_placement_data-generator/multi_object_placement_task/multi_object_placement_0047/first_frame.png
     Prompt: The scene contains multiple colored objects and star markers. Keep all star mark...
Warning: HunyuanVideo requires 60-80GB GPU memory for 720p generation

✅ Inference complete! Output saved to: /u/yli8/hokin/video-reason-experiments/data/outputs/hunyuan-video-i2v/multi_object_placement_task/multi_object_placement_0047
   - Generated: /u/yli8/hokin/video-reason-experiments/data/outputs/hunyuan-video-i2v/multi_object_placement_task/multi_object_placement_0047/video/video.mp4
   - Question: /u/yli8/hokin/video-reason-experiments/data/outputs/hunyuan-video-i2v/multi_object_placement_task/multi_object_placement_0047/question/
     ✅ Success! Structured output saved to: N/A
      ✅ Completed successfully
    [49/50] Processing: multi_object_placement_0048

  🎬 Generating: multi_object_placement_0048 with hunyuan-video-i2v
     Image: /u/yli8/hokin/video-reason-experiments/data/questions/G-5_multi_object_placement_data-generator/multi_object_placement_task/multi_object_placement_0048/first_frame.png
     Prompt: The scene contains multiple colored objects and star markers. Keep all star mark...
Warning: HunyuanVideo requires 60-80GB GPU memory for 720p generation

✅ Inference complete! Output saved to: /u/yli8/hokin/video-reason-experiments/data/outputs/hunyuan-video-i2v/multi_object_placement_task/multi_object_placement_0048
   - Generated: /u/yli8/hokin/video-reason-experiments/data/outputs/hunyuan-video-i2v/multi_object_placement_task/multi_object_placement_0048/video/video.mp4
   - Question: /u/yli8/hokin/video-reason-experiments/data/outputs/hunyuan-video-i2v/multi_object_placement_task/multi_object_placement_0048/question/
     ✅ Success! Structured output saved to: N/A
      ✅ Completed successfully
    [50/50] Processing: multi_object_placement_0049

  🎬 Generating: multi_object_placement_0049 with hunyuan-video-i2v
     Image: /u/yli8/hokin/video-reason-experiments/data/questions/G-5_multi_object_placement_data-generator/multi_object_placement_task/multi_object_placement_0049/first_frame.png
     Prompt: The scene contains multiple colored objects and star markers. Keep all star mark...
Warning: HunyuanVideo requires 60-80GB GPU memory for 720p generation
